\BOOKMARK [0][-]{chapter*.1}{Ringraziamenti}{}% 1
\BOOKMARK [0][-]{chapter*.1}{Indice}{}% 2
\BOOKMARK [0][-]{chapter.1}{Machine Learning}{}% 3
\BOOKMARK [1][-]{section.1.1}{Come funziona il Machine Learning}{chapter.1}% 4
\BOOKMARK [2][-]{subsection.1.1.1}{Apprendimento supervisionato}{section.1.1}% 5
\BOOKMARK [3][-]{subsubsection.1.1.1.1}{Support Vector Machine}{subsection.1.1.1}% 6
\BOOKMARK [3][-]{subsubsection.1.1.1.2}{Decision Tree Classifier}{subsection.1.1.1}% 7
\BOOKMARK [3][-]{subsubsection.1.1.1.3}{Random Forest Classifier}{subsection.1.1.1}% 8
\BOOKMARK [3][-]{subsubsection.1.1.1.4}{Gaussian Naive Bayes}{subsection.1.1.1}% 9
\BOOKMARK [3][-]{subsubsection.1.1.1.5}{Linear Discriminat Analysis}{subsection.1.1.1}% 10
\BOOKMARK [3][-]{subsubsection.1.1.1.6}{Reti Neurali Multi-Strato}{subsection.1.1.1}% 11
\BOOKMARK [2][-]{subsection.1.1.2}{Apprendimento non supervisionato}{section.1.1}% 12
\BOOKMARK [2][-]{subsection.1.1.3}{Apprendimento per rinforzo}{section.1.1}% 13
\BOOKMARK [2][-]{subsection.1.1.4}{Apprendimento semi supervisionato}{section.1.1}% 14
\BOOKMARK [0][-]{chapter.2}{Dataset}{}% 15
\BOOKMARK [1][-]{section.2.1}{Iris}{chapter.2}% 16
\BOOKMARK [1][-]{section.2.2}{Incidenti Stradali}{chapter.2}% 17
\BOOKMARK [1][-]{section.2.3}{Riduzione della Dimensionalit\340}{chapter.2}% 18
\BOOKMARK [2][-]{subsection.2.3.1}{PCA}{section.2.3}% 19
\BOOKMARK [2][-]{subsection.2.3.2}{t-SNE}{section.2.3}% 20
\BOOKMARK [0][-]{chapter.3}{Esperimenti}{}% 21
\BOOKMARK [1][-]{section.3.1}{Pre Processsing}{chapter.3}% 22
\BOOKMARK [2][-]{subsection.3.1.1}{Scalare i dati}{section.3.1}% 23
\BOOKMARK [1][-]{section.3.2}{Model Selection}{chapter.3}% 24
\BOOKMARK [2][-]{subsection.3.2.1}{Scelta degli Iperparametri}{section.3.2}% 25
\BOOKMARK [1][-]{section.3.3}{Errore di Generalizzazione}{chapter.3}% 26
\BOOKMARK [1][-]{section.3.4}{Cross Validation}{chapter.3}% 27
\BOOKMARK [1][-]{section.3.5}{Risultati Ottenuti}{chapter.3}% 28
\BOOKMARK [1][-]{section.3.6}{Analisi dei Risultati}{chapter.3}% 29
\BOOKMARK [0][-]{chapter.4}{Conclusioni}{}% 30
\BOOKMARK [0][-]{chapter*.28}{Bibliografia}{}% 31
