INFO:Risultati:INIZIO ADDESTRAMENTO alle 17.Feb 2020 16:44:31
INFO:Risultati:DATASET: Totali
INFO:Risultati:MODEL: SVC
INFO:Risultati:SCALER: StandardScaler(copy=True, with_mean=True, with_std=True)
INFO:Risultati:RIDUZIONE DIMENSIONALITA None
INFO:Risultati:IPERPARAMETRI: {'C': 27.825594022071257, 'gamma': 0.021544346900318846, 'kernel': 'rbf'}
INFO:Risultati:TRAINING ERROR: 0.7210084033613446
INFO:Risultati:TEST ERROR: 0.7692307692307693
INFO:Risultati:FINE ADDESTRAMENTO alle 17.Feb 2020 16:44:32, tempo di calcolo totale in secondi: 0.8063006401062012
INFO:Risultati:INIZIO ADDESTRAMENTO alle 17.Feb 2020 16:44:32
INFO:Risultati:DATASET: Totali
INFO:Risultati:MODEL: SVC
INFO:Risultati:SCALER: StandardScaler(copy=True, with_mean=True, with_std=True)
INFO:Risultati:RIDUZIONE DIMENSIONALITA None
INFO:Risultati:IPERPARAMETRI: {'C': 166.81005372000593, 'gamma': 0.003593813663804626, 'kernel': 'rbf'}
INFO:Risultati:TRAINING ERROR: 0.692717086834734
INFO:Risultati:TEST ERROR: 0.6538461538461539
INFO:Risultati:FINE ADDESTRAMENTO alle 17.Feb 2020 16:44:32, tempo di calcolo totale in secondi: 0.4615011215209961
INFO:Risultati:INIZIO ADDESTRAMENTO alle 17.Feb 2020 16:44:32
INFO:Risultati:DATASET: Totali
INFO:Risultati:MODEL: SVC
INFO:Risultati:SCALER: StandardScaler(copy=True, with_mean=True, with_std=True)
INFO:Risultati:RIDUZIONE DIMENSIONALITA None
INFO:Risultati:IPERPARAMETRI: {'C': 27.825594022071257, 'gamma': 'auto', 'kernel': 'linear'}
INFO:Risultati:TRAINING ERROR: 0.6921568627450979
INFO:Risultati:TEST ERROR: 0.6923076923076923
INFO:Risultati:FINE ADDESTRAMENTO alle 17.Feb 2020 16:44:33, tempo di calcolo totale in secondi: 0.4728400707244873
INFO:Risultati:INIZIO ADDESTRAMENTO alle 17.Feb 2020 16:44:33
INFO:Risultati:DATASET: Totali
INFO:Risultati:MODEL: SVC
INFO:Risultati:SCALER: StandardScaler(copy=True, with_mean=True, with_std=True)
INFO:Risultati:RIDUZIONE DIMENSIONALITA None
INFO:Risultati:IPERPARAMETRI: {'C': 0.774263682681127, 'gamma': 0.1291549665014884, 'kernel': 'rbf'}
INFO:Risultati:TRAINING ERROR: 0.711484593837535
INFO:Risultati:TEST ERROR: 0.6153846153846154
INFO:Risultati:FINE ADDESTRAMENTO alle 17.Feb 2020 16:44:33, tempo di calcolo totale in secondi: 0.5919938087463379
INFO:Risultati:INIZIO ADDESTRAMENTO alle 17.Feb 2020 16:44:33
INFO:Risultati:DATASET: Totali
INFO:Risultati:MODEL: SVC
INFO:Risultati:SCALER: StandardScaler(copy=True, with_mean=True, with_std=True)
INFO:Risultati:RIDUZIONE DIMENSIONALITA None
INFO:Risultati:IPERPARAMETRI: {'C': 0.774263682681127, 'gamma': 'auto', 'kernel': 'linear'}
INFO:Risultati:TRAINING ERROR: 0.653781512605042
INFO:Risultati:TEST ERROR: 0.8076923076923077
INFO:Risultati:FINE ADDESTRAMENTO alle 17.Feb 2020 16:44:34, tempo di calcolo totale in secondi: 0.6041297912597656
INFO:Risultati:INIZIO ADDESTRAMENTO alle 17.Feb 2020 16:44:34
INFO:Risultati:DATASET: Totali
INFO:Risultati:MODEL: DecisionTreeClassifier
INFO:Risultati:SCALER: StandardScaler(copy=True, with_mean=True, with_std=True)
INFO:Risultati:RIDUZIONE DIMENSIONALITA None
INFO:Risultati:IPERPARAMETRI: {'criterion': 'entropy', 'max_depth': 2, 'max_features': 'sqrt', 'max_leaf_nodes': None}
INFO:Risultati:TRAINING ERROR: 0.6736694677871148
INFO:Risultati:TEST ERROR: 0.46153846153846156
INFO:Risultati:FINE ADDESTRAMENTO alle 17.Feb 2020 16:44:34, tempo di calcolo totale in secondi: 0.2058272361755371
INFO:Risultati:INIZIO ADDESTRAMENTO alle 17.Feb 2020 16:44:34
INFO:Risultati:DATASET: Totali
INFO:Risultati:MODEL: DecisionTreeClassifier
INFO:Risultati:SCALER: StandardScaler(copy=True, with_mean=True, with_std=True)
INFO:Risultati:RIDUZIONE DIMENSIONALITA None
INFO:Risultati:IPERPARAMETRI: {'criterion': 'gini', 'max_depth': None, 'max_features': None, 'max_leaf_nodes': 2}
INFO:Risultati:TRAINING ERROR: 0.6820728291316526
INFO:Risultati:TEST ERROR: 0.6153846153846154
INFO:Risultati:FINE ADDESTRAMENTO alle 17.Feb 2020 16:44:34, tempo di calcolo totale in secondi: 0.1995227336883545
INFO:Risultati:INIZIO ADDESTRAMENTO alle 17.Feb 2020 16:44:34
INFO:Risultati:DATASET: Totali
INFO:Risultati:MODEL: DecisionTreeClassifier
INFO:Risultati:SCALER: StandardScaler(copy=True, with_mean=True, with_std=True)
INFO:Risultati:RIDUZIONE DIMENSIONALITA None
INFO:Risultati:IPERPARAMETRI: {'criterion': 'entropy', 'max_depth': 10, 'max_features': 'sqrt', 'max_leaf_nodes': None}
INFO:Risultati:TRAINING ERROR: 0.6635854341736694
INFO:Risultati:TEST ERROR: 0.6153846153846154
INFO:Risultati:FINE ADDESTRAMENTO alle 17.Feb 2020 16:44:34, tempo di calcolo totale in secondi: 0.1828289031982422
INFO:Risultati:INIZIO ADDESTRAMENTO alle 17.Feb 2020 16:44:34
INFO:Risultati:DATASET: Totali
INFO:Risultati:MODEL: DecisionTreeClassifier
INFO:Risultati:SCALER: StandardScaler(copy=True, with_mean=True, with_std=True)
INFO:Risultati:RIDUZIONE DIMENSIONALITA None
INFO:Risultati:IPERPARAMETRI: {'criterion': 'entropy', 'max_depth': None, 'max_features': 'log2', 'max_leaf_nodes': 50}
INFO:Risultati:TRAINING ERROR: 0.6061624649859944
INFO:Risultati:TEST ERROR: 0.5384615384615384
INFO:Risultati:FINE ADDESTRAMENTO alle 17.Feb 2020 16:44:35, tempo di calcolo totale in secondi: 0.19529032707214355
INFO:Risultati:INIZIO ADDESTRAMENTO alle 17.Feb 2020 16:44:35
INFO:Risultati:DATASET: Totali
INFO:Risultati:MODEL: DecisionTreeClassifier
INFO:Risultati:SCALER: StandardScaler(copy=True, with_mean=True, with_std=True)
INFO:Risultati:RIDUZIONE DIMENSIONALITA None
INFO:Risultati:IPERPARAMETRI: {'criterion': 'entropy', 'max_depth': 5, 'max_features': 'sqrt', 'max_leaf_nodes': None}
INFO:Risultati:TRAINING ERROR: 0.7299719887955183
INFO:Risultati:TEST ERROR: 0.5384615384615384
INFO:Risultati:FINE ADDESTRAMENTO alle 17.Feb 2020 16:44:35, tempo di calcolo totale in secondi: 0.17774152755737305
INFO:Risultati:INIZIO ADDESTRAMENTO alle 17.Feb 2020 16:44:35
INFO:Risultati:DATASET: Totali
INFO:Risultati:MODEL: RandomForestClassifier
INFO:Risultati:SCALER: StandardScaler(copy=True, with_mean=True, with_std=True)
INFO:Risultati:RIDUZIONE DIMENSIONALITA None
INFO:Risultati:IPERPARAMETRI: {'criterion': 'gini', 'max_depth': 10, 'max_features': 'sqrt', 'max_leaf_nodes': 2, 'n_estimators': 10}
INFO:Risultati:TRAINING ERROR: 0.7305322128851541
INFO:Risultati:TEST ERROR: 0.5384615384615384
INFO:Risultati:FINE ADDESTRAMENTO alle 17.Feb 2020 16:46:00, tempo di calcolo totale in secondi: 85.39789962768555
INFO:Risultati:INIZIO ADDESTRAMENTO alle 17.Feb 2020 16:46:00
INFO:Risultati:DATASET: Totali
INFO:Risultati:MODEL: RandomForestClassifier
INFO:Risultati:SCALER: StandardScaler(copy=True, with_mean=True, with_std=True)
INFO:Risultati:RIDUZIONE DIMENSIONALITA None
INFO:Risultati:IPERPARAMETRI: {'criterion': 'gini', 'max_depth': 2, 'max_features': 'sqrt', 'max_leaf_nodes': 5, 'n_estimators': 5}
INFO:Risultati:TRAINING ERROR: 0.6921568627450979
INFO:Risultati:TEST ERROR: 0.5384615384615384
INFO:Risultati:FINE ADDESTRAMENTO alle 17.Feb 2020 16:47:25, tempo di calcolo totale in secondi: 84.63844132423401
INFO:Risultati:INIZIO ADDESTRAMENTO alle 17.Feb 2020 16:47:25
INFO:Risultati:DATASET: Totali
INFO:Risultati:MODEL: RandomForestClassifier
INFO:Risultati:SCALER: StandardScaler(copy=True, with_mean=True, with_std=True)
INFO:Risultati:RIDUZIONE DIMENSIONALITA None
INFO:Risultati:IPERPARAMETRI: {'criterion': 'entropy', 'max_depth': None, 'max_features': None, 'max_leaf_nodes': 50, 'n_estimators': 10}
INFO:Risultati:TRAINING ERROR: 0.7316526610644258
INFO:Risultati:TEST ERROR: 0.38461538461538464
INFO:Risultati:FINE ADDESTRAMENTO alle 17.Feb 2020 16:48:49, tempo di calcolo totale in secondi: 84.50611400604248
INFO:Risultati:INIZIO ADDESTRAMENTO alle 17.Feb 2020 16:48:49
INFO:Risultati:DATASET: Totali
INFO:Risultati:MODEL: RandomForestClassifier
INFO:Risultati:SCALER: StandardScaler(copy=True, with_mean=True, with_std=True)
INFO:Risultati:RIDUZIONE DIMENSIONALITA None
INFO:Risultati:IPERPARAMETRI: {'criterion': 'entropy', 'max_depth': 5, 'max_features': 'log2', 'max_leaf_nodes': 50, 'n_estimators': 10}
INFO:Risultati:TRAINING ERROR: 0.6731092436974789
INFO:Risultati:TEST ERROR: 0.6923076923076923
INFO:Risultati:FINE ADDESTRAMENTO alle 17.Feb 2020 16:50:14, tempo di calcolo totale in secondi: 84.61286807060242
INFO:Risultati:INIZIO ADDESTRAMENTO alle 17.Feb 2020 16:50:14
INFO:Risultati:DATASET: Totali
INFO:Risultati:MODEL: RandomForestClassifier
INFO:Risultati:SCALER: StandardScaler(copy=True, with_mean=True, with_std=True)
INFO:Risultati:RIDUZIONE DIMENSIONALITA None
INFO:Risultati:IPERPARAMETRI: {'criterion': 'gini', 'max_depth': None, 'max_features': 'log2', 'max_leaf_nodes': None, 'n_estimators': 100}
INFO:Risultati:TRAINING ERROR: 0.6826330532212884
INFO:Risultati:TEST ERROR: 0.6923076923076923
INFO:Risultati:FINE ADDESTRAMENTO alle 17.Feb 2020 16:51:39, tempo di calcolo totale in secondi: 84.7085690498352
INFO:Risultati:INIZIO ADDESTRAMENTO alle 17.Feb 2020 16:51:39
INFO:Risultati:DATASET: Totali
INFO:Risultati:MODEL: GaussianNB
INFO:Risultati:SCALER: StandardScaler(copy=True, with_mean=True, with_std=True)
INFO:Risultati:RIDUZIONE DIMENSIONALITA None
INFO:Risultati:IPERPARAMETRI: {}
INFO:Risultati:TRAINING ERROR: 0.7210084033613446
INFO:Risultati:TEST ERROR: 0.5
INFO:Risultati:FINE ADDESTRAMENTO alle 17.Feb 2020 16:51:39, tempo di calcolo totale in secondi: 0.00938105583190918
INFO:Risultati:INIZIO ADDESTRAMENTO alle 17.Feb 2020 16:51:39
INFO:Risultati:DATASET: Totali
INFO:Risultati:MODEL: GaussianNB
INFO:Risultati:SCALER: StandardScaler(copy=True, with_mean=True, with_std=True)
INFO:Risultati:RIDUZIONE DIMENSIONALITA None
INFO:Risultati:IPERPARAMETRI: {}
INFO:Risultati:TRAINING ERROR: 0.6638655462184874
INFO:Risultati:TEST ERROR: 0.8076923076923077
INFO:Risultati:FINE ADDESTRAMENTO alle 17.Feb 2020 16:51:39, tempo di calcolo totale in secondi: 0.009239912033081055
INFO:Risultati:INIZIO ADDESTRAMENTO alle 17.Feb 2020 16:51:39
INFO:Risultati:DATASET: Totali
INFO:Risultati:MODEL: GaussianNB
INFO:Risultati:SCALER: StandardScaler(copy=True, with_mean=True, with_std=True)
INFO:Risultati:RIDUZIONE DIMENSIONALITA None
INFO:Risultati:IPERPARAMETRI: {}
INFO:Risultati:TRAINING ERROR: 0.6439775910364146
INFO:Risultati:TEST ERROR: 0.7307692307692307
INFO:Risultati:FINE ADDESTRAMENTO alle 17.Feb 2020 16:51:39, tempo di calcolo totale in secondi: 0.007840871810913086
INFO:Risultati:INIZIO ADDESTRAMENTO alle 17.Feb 2020 16:51:39
INFO:Risultati:DATASET: Totali
INFO:Risultati:MODEL: GaussianNB
INFO:Risultati:SCALER: StandardScaler(copy=True, with_mean=True, with_std=True)
INFO:Risultati:RIDUZIONE DIMENSIONALITA None
INFO:Risultati:IPERPARAMETRI: {}
INFO:Risultati:TRAINING ERROR: 0.6736694677871148
INFO:Risultati:TEST ERROR: 0.8076923076923077
INFO:Risultati:FINE ADDESTRAMENTO alle 17.Feb 2020 16:51:39, tempo di calcolo totale in secondi: 0.007534503936767578
INFO:Risultati:INIZIO ADDESTRAMENTO alle 17.Feb 2020 16:51:39
INFO:Risultati:DATASET: Totali
INFO:Risultati:MODEL: GaussianNB
INFO:Risultati:SCALER: StandardScaler(copy=True, with_mean=True, with_std=True)
INFO:Risultati:RIDUZIONE DIMENSIONALITA None
INFO:Risultati:IPERPARAMETRI: {}
INFO:Risultati:TRAINING ERROR: 0.7215686274509804
INFO:Risultati:TEST ERROR: 0.5769230769230769
INFO:Risultati:FINE ADDESTRAMENTO alle 17.Feb 2020 16:51:39, tempo di calcolo totale in secondi: 0.007714033126831055
INFO:Risultati:INIZIO ADDESTRAMENTO alle 17.Feb 2020 16:51:39
INFO:Risultati:DATASET: Totali
INFO:Risultati:MODEL: LinearDiscriminantAnalysis
INFO:Risultati:SCALER: StandardScaler(copy=True, with_mean=True, with_std=True)
INFO:Risultati:RIDUZIONE DIMENSIONALITA None
INFO:Risultati:IPERPARAMETRI: {}
INFO:Risultati:TRAINING ERROR: 0.6246498599439776
INFO:Risultati:TEST ERROR: 0.6538461538461539
INFO:Risultati:FINE ADDESTRAMENTO alle 17.Feb 2020 16:51:39, tempo di calcolo totale in secondi: 0.04740452766418457
INFO:Risultati:INIZIO ADDESTRAMENTO alle 17.Feb 2020 16:51:39
INFO:Risultati:DATASET: Totali
INFO:Risultati:MODEL: LinearDiscriminantAnalysis
INFO:Risultati:SCALER: StandardScaler(copy=True, with_mean=True, with_std=True)
INFO:Risultati:RIDUZIONE DIMENSIONALITA None
INFO:Risultati:IPERPARAMETRI: {}
INFO:Risultati:TRAINING ERROR: 0.6633053221288515
INFO:Risultati:TEST ERROR: 0.8076923076923077
INFO:Risultati:FINE ADDESTRAMENTO alle 17.Feb 2020 16:51:39, tempo di calcolo totale in secondi: 0.011933326721191406
INFO:Risultati:INIZIO ADDESTRAMENTO alle 17.Feb 2020 16:51:39
INFO:Risultati:DATASET: Totali
INFO:Risultati:MODEL: LinearDiscriminantAnalysis
INFO:Risultati:SCALER: StandardScaler(copy=True, with_mean=True, with_std=True)
INFO:Risultati:RIDUZIONE DIMENSIONALITA None
INFO:Risultati:IPERPARAMETRI: {}
INFO:Risultati:TRAINING ERROR: 0.653781512605042
INFO:Risultati:TEST ERROR: 0.6923076923076923
INFO:Risultati:FINE ADDESTRAMENTO alle 17.Feb 2020 16:51:39, tempo di calcolo totale in secondi: 0.011879682540893555
INFO:Risultati:INIZIO ADDESTRAMENTO alle 17.Feb 2020 16:51:39
INFO:Risultati:DATASET: Totali
INFO:Risultati:MODEL: LinearDiscriminantAnalysis
INFO:Risultati:SCALER: StandardScaler(copy=True, with_mean=True, with_std=True)
INFO:Risultati:RIDUZIONE DIMENSIONALITA None
INFO:Risultati:IPERPARAMETRI: {}
INFO:Risultati:TRAINING ERROR: 0.711484593837535
INFO:Risultati:TEST ERROR: 0.5
INFO:Risultati:FINE ADDESTRAMENTO alle 17.Feb 2020 16:51:39, tempo di calcolo totale in secondi: 0.011004924774169922
INFO:Risultati:INIZIO ADDESTRAMENTO alle 17.Feb 2020 16:51:39
INFO:Risultati:DATASET: Totali
INFO:Risultati:MODEL: LinearDiscriminantAnalysis
INFO:Risultati:SCALER: StandardScaler(copy=True, with_mean=True, with_std=True)
INFO:Risultati:RIDUZIONE DIMENSIONALITA None
INFO:Risultati:IPERPARAMETRI: {}
INFO:Risultati:TRAINING ERROR: 0.692717086834734
INFO:Risultati:TEST ERROR: 0.6538461538461539
INFO:Risultati:FINE ADDESTRAMENTO alle 17.Feb 2020 16:51:39, tempo di calcolo totale in secondi: 0.010613679885864258
INFO:Risultati:INIZIO ADDESTRAMENTO alle 17.Feb 2020 16:51:39
INFO:Risultati:DATASET: Totali
INFO:Risultati:MODEL: MLPClassifier
INFO:Risultati:SCALER: StandardScaler(copy=True, with_mean=True, with_std=True)
INFO:Risultati:RIDUZIONE DIMENSIONALITA None
INFO:Risultati:IPERPARAMETRI: {'activation': 'identity', 'hidden_layer_sizes': [20], 'max_iter': 5000}
INFO:Risultati:TRAINING ERROR: 0.6338935574229693
INFO:Risultati:TEST ERROR: 0.7307692307692307
INFO:Risultati:FINE ADDESTRAMENTO alle 17.Feb 2020 16:51:53, tempo di calcolo totale in secondi: 14.680278062820435
INFO:Risultati:INIZIO ADDESTRAMENTO alle 17.Feb 2020 16:51:53
INFO:Risultati:DATASET: Totali
INFO:Risultati:MODEL: MLPClassifier
INFO:Risultati:SCALER: StandardScaler(copy=True, with_mean=True, with_std=True)
INFO:Risultati:RIDUZIONE DIMENSIONALITA None
INFO:Risultati:IPERPARAMETRI: {'activation': 'logistic', 'hidden_layer_sizes': [10], 'max_iter': 5000}
INFO:Risultati:TRAINING ERROR: 0.7411764705882353
INFO:Risultati:TEST ERROR: 0.5384615384615384
INFO:Risultati:FINE ADDESTRAMENTO alle 17.Feb 2020 16:52:08, tempo di calcolo totale in secondi: 14.264168977737427
INFO:Risultati:INIZIO ADDESTRAMENTO alle 17.Feb 2020 16:52:08
INFO:Risultati:DATASET: Totali
INFO:Risultati:MODEL: MLPClassifier
INFO:Risultati:SCALER: StandardScaler(copy=True, with_mean=True, with_std=True)
INFO:Risultati:RIDUZIONE DIMENSIONALITA None
INFO:Risultati:IPERPARAMETRI: {'activation': 'logistic', 'hidden_layer_sizes': [6], 'max_iter': 5000}
INFO:Risultati:TRAINING ERROR: 0.6638655462184874
INFO:Risultati:TEST ERROR: 0.7692307692307693
INFO:Risultati:FINE ADDESTRAMENTO alle 17.Feb 2020 16:52:23, tempo di calcolo totale in secondi: 15.119550943374634
INFO:Risultati:INIZIO ADDESTRAMENTO alle 17.Feb 2020 16:52:23
INFO:Risultati:DATASET: Totali
INFO:Risultati:MODEL: MLPClassifier
INFO:Risultati:SCALER: StandardScaler(copy=True, with_mean=True, with_std=True)
INFO:Risultati:RIDUZIONE DIMENSIONALITA None
INFO:Risultati:IPERPARAMETRI: {'activation': 'logistic', 'hidden_layer_sizes': [6], 'max_iter': 5000}
INFO:Risultati:TRAINING ERROR: 0.7605042016806722
INFO:Risultati:TEST ERROR: 0.46153846153846156
INFO:Risultati:FINE ADDESTRAMENTO alle 17.Feb 2020 16:52:39, tempo di calcolo totale in secondi: 16.115049600601196
INFO:Risultati:INIZIO ADDESTRAMENTO alle 17.Feb 2020 16:52:39
INFO:Risultati:DATASET: Totali
INFO:Risultati:MODEL: MLPClassifier
INFO:Risultati:SCALER: StandardScaler(copy=True, with_mean=True, with_std=True)
INFO:Risultati:RIDUZIONE DIMENSIONALITA None
INFO:Risultati:IPERPARAMETRI: {'activation': 'tanh', 'hidden_layer_sizes': [4], 'max_iter': 5000}
INFO:Risultati:TRAINING ERROR: 0.6731092436974789
INFO:Risultati:TEST ERROR: 0.7692307692307693
INFO:Risultati:FINE ADDESTRAMENTO alle 17.Feb 2020 16:52:53, tempo di calcolo totale in secondi: 14.389957904815674
INFO:Risultati:INIZIO ADDESTRAMENTO alle 17.Feb 2020 16:52:53
INFO:Risultati:DATASET: Totali_with_BMI
INFO:Risultati:MODEL: SVC
INFO:Risultati:SCALER: StandardScaler(copy=True, with_mean=True, with_std=True)
INFO:Risultati:RIDUZIONE DIMENSIONALITA None
INFO:Risultati:IPERPARAMETRI: {'C': 1000.0, 'gamma': 0.0005994842503189409, 'kernel': 'rbf'}
INFO:Risultati:TRAINING ERROR: 0.6929971988795517
INFO:Risultati:TEST ERROR: 0.6153846153846154
INFO:Risultati:FINE ADDESTRAMENTO alle 17.Feb 2020 16:52:54, tempo di calcolo totale in secondi: 0.5285656452178955
INFO:Risultati:INIZIO ADDESTRAMENTO alle 17.Feb 2020 16:52:54
INFO:Risultati:DATASET: Totali_with_BMI
INFO:Risultati:MODEL: SVC
INFO:Risultati:SCALER: StandardScaler(copy=True, with_mean=True, with_std=True)
INFO:Risultati:RIDUZIONE DIMENSIONALITA None
INFO:Risultati:IPERPARAMETRI: {'C': 4.641588833612782, 'gamma': 0.021544346900318846, 'kernel': 'rbf'}
INFO:Risultati:TRAINING ERROR: 0.7028011204481793
INFO:Risultati:TEST ERROR: 0.5769230769230769
INFO:Risultati:FINE ADDESTRAMENTO alle 17.Feb 2020 16:52:54, tempo di calcolo totale in secondi: 0.4951152801513672
INFO:Risultati:INIZIO ADDESTRAMENTO alle 17.Feb 2020 16:52:54
INFO:Risultati:DATASET: Totali_with_BMI
INFO:Risultati:MODEL: SVC
INFO:Risultati:SCALER: StandardScaler(copy=True, with_mean=True, with_std=True)
INFO:Risultati:RIDUZIONE DIMENSIONALITA None
INFO:Risultati:IPERPARAMETRI: {'C': 166.81005372000593, 'gamma': 0.0005994842503189409, 'kernel': 'rbf'}
INFO:Risultati:TRAINING ERROR: 0.6924369747899161
INFO:Risultati:TEST ERROR: 0.6538461538461539
INFO:Risultati:FINE ADDESTRAMENTO alle 17.Feb 2020 16:52:55, tempo di calcolo totale in secondi: 0.4387989044189453
INFO:Risultati:INIZIO ADDESTRAMENTO alle 17.Feb 2020 16:52:55
INFO:Risultati:DATASET: Totali_with_BMI
INFO:Risultati:MODEL: SVC
INFO:Risultati:SCALER: StandardScaler(copy=True, with_mean=True, with_std=True)
INFO:Risultati:RIDUZIONE DIMENSIONALITA None
INFO:Risultati:IPERPARAMETRI: {'C': 0.774263682681127, 'gamma': 0.1291549665014884, 'kernel': 'rbf'}
INFO:Risultati:TRAINING ERROR: 0.711764705882353
INFO:Risultati:TEST ERROR: 0.6923076923076923
INFO:Risultati:FINE ADDESTRAMENTO alle 17.Feb 2020 16:52:55, tempo di calcolo totale in secondi: 0.3951413631439209
INFO:Risultati:INIZIO ADDESTRAMENTO alle 17.Feb 2020 16:52:55
INFO:Risultati:DATASET: Totali_with_BMI
INFO:Risultati:MODEL: SVC
INFO:Risultati:SCALER: StandardScaler(copy=True, with_mean=True, with_std=True)
INFO:Risultati:RIDUZIONE DIMENSIONALITA None
INFO:Risultati:IPERPARAMETRI: {'C': 166.81005372000593, 'gamma': 0.0005994842503189409, 'kernel': 'rbf'}
INFO:Risultati:TRAINING ERROR: 0.6630252100840336
INFO:Risultati:TEST ERROR: 0.7692307692307693
INFO:Risultati:FINE ADDESTRAMENTO alle 17.Feb 2020 16:52:56, tempo di calcolo totale in secondi: 0.4818394184112549
INFO:Risultati:INIZIO ADDESTRAMENTO alle 17.Feb 2020 16:52:56
INFO:Risultati:DATASET: Totali_with_BMI
INFO:Risultati:MODEL: DecisionTreeClassifier
INFO:Risultati:SCALER: StandardScaler(copy=True, with_mean=True, with_std=True)
INFO:Risultati:RIDUZIONE DIMENSIONALITA None
INFO:Risultati:IPERPARAMETRI: {'criterion': 'gini', 'max_depth': None, 'max_features': 'sqrt', 'max_leaf_nodes': 50}
INFO:Risultati:TRAINING ERROR: 0.6142857142857143
INFO:Risultati:TEST ERROR: 0.5
INFO:Risultati:FINE ADDESTRAMENTO alle 17.Feb 2020 16:52:56, tempo di calcolo totale in secondi: 0.19205856323242188
INFO:Risultati:INIZIO ADDESTRAMENTO alle 17.Feb 2020 16:52:56
INFO:Risultati:DATASET: Totali_with_BMI
INFO:Risultati:MODEL: DecisionTreeClassifier
INFO:Risultati:SCALER: StandardScaler(copy=True, with_mean=True, with_std=True)
INFO:Risultati:RIDUZIONE DIMENSIONALITA None
INFO:Risultati:IPERPARAMETRI: {'criterion': 'gini', 'max_depth': None, 'max_features': None, 'max_leaf_nodes': 10}
INFO:Risultati:TRAINING ERROR: 0.7016806722689076
INFO:Risultati:TEST ERROR: 0.5
INFO:Risultati:FINE ADDESTRAMENTO alle 17.Feb 2020 16:52:56, tempo di calcolo totale in secondi: 0.1827406883239746
INFO:Risultati:INIZIO ADDESTRAMENTO alle 17.Feb 2020 16:52:56
INFO:Risultati:DATASET: Totali_with_BMI
INFO:Risultati:MODEL: DecisionTreeClassifier
INFO:Risultati:SCALER: StandardScaler(copy=True, with_mean=True, with_std=True)
INFO:Risultati:RIDUZIONE DIMENSIONALITA None
INFO:Risultati:IPERPARAMETRI: {'criterion': 'entropy', 'max_depth': None, 'max_features': 'sqrt', 'max_leaf_nodes': 50}
INFO:Risultati:TRAINING ERROR: 0.6733893557422969
INFO:Risultati:TEST ERROR: 0.6538461538461539
INFO:Risultati:FINE ADDESTRAMENTO alle 17.Feb 2020 16:52:56, tempo di calcolo totale in secondi: 0.17946648597717285
INFO:Risultati:INIZIO ADDESTRAMENTO alle 17.Feb 2020 16:52:56
INFO:Risultati:DATASET: Totali_with_BMI
INFO:Risultati:MODEL: DecisionTreeClassifier
INFO:Risultati:SCALER: StandardScaler(copy=True, with_mean=True, with_std=True)
INFO:Risultati:RIDUZIONE DIMENSIONALITA None
INFO:Risultati:IPERPARAMETRI: {'criterion': 'gini', 'max_depth': None, 'max_features': 'log2', 'max_leaf_nodes': 100}
INFO:Risultati:TRAINING ERROR: 0.634453781512605
INFO:Risultati:TEST ERROR: 0.6538461538461539
INFO:Risultati:FINE ADDESTRAMENTO alle 17.Feb 2020 16:52:56, tempo di calcolo totale in secondi: 0.1853504180908203
INFO:Risultati:INIZIO ADDESTRAMENTO alle 17.Feb 2020 16:52:56
INFO:Risultati:DATASET: Totali_with_BMI
INFO:Risultati:MODEL: DecisionTreeClassifier
INFO:Risultati:SCALER: StandardScaler(copy=True, with_mean=True, with_std=True)
INFO:Risultati:RIDUZIONE DIMENSIONALITA None
INFO:Risultati:IPERPARAMETRI: {'criterion': 'gini', 'max_depth': None, 'max_features': 'sqrt', 'max_leaf_nodes': 2}
INFO:Risultati:TRAINING ERROR: 0.6641456582633053
INFO:Risultati:TEST ERROR: 0.6538461538461539
INFO:Risultati:FINE ADDESTRAMENTO alle 17.Feb 2020 16:52:57, tempo di calcolo totale in secondi: 0.18215131759643555
INFO:Risultati:INIZIO ADDESTRAMENTO alle 17.Feb 2020 16:52:57
INFO:Risultati:DATASET: Totali_with_BMI
INFO:Risultati:MODEL: RandomForestClassifier
INFO:Risultati:SCALER: StandardScaler(copy=True, with_mean=True, with_std=True)
INFO:Risultati:RIDUZIONE DIMENSIONALITA None
INFO:Risultati:IPERPARAMETRI: {'criterion': 'gini', 'max_depth': 10, 'max_features': 'log2', 'max_leaf_nodes': 2, 'n_estimators': 10}
INFO:Risultati:TRAINING ERROR: 0.6722689075630252
INFO:Risultati:TEST ERROR: 0.5769230769230769
INFO:Risultati:FINE ADDESTRAMENTO alle 17.Feb 2020 16:54:22, tempo di calcolo totale in secondi: 85.44877982139587
INFO:Risultati:INIZIO ADDESTRAMENTO alle 17.Feb 2020 16:54:22
INFO:Risultati:DATASET: Totali_with_BMI
INFO:Risultati:MODEL: RandomForestClassifier
INFO:Risultati:SCALER: StandardScaler(copy=True, with_mean=True, with_std=True)
INFO:Risultati:RIDUZIONE DIMENSIONALITA None
INFO:Risultati:IPERPARAMETRI: {'criterion': 'entropy', 'max_depth': 2, 'max_features': None, 'max_leaf_nodes': 5, 'n_estimators': 10}
INFO:Risultati:TRAINING ERROR: 0.6924369747899161
INFO:Risultati:TEST ERROR: 0.6153846153846154
INFO:Risultati:FINE ADDESTRAMENTO alle 17.Feb 2020 16:55:48, tempo di calcolo totale in secondi: 85.51347041130066
INFO:Risultati:INIZIO ADDESTRAMENTO alle 17.Feb 2020 16:55:48
INFO:Risultati:DATASET: Totali_with_BMI
INFO:Risultati:MODEL: RandomForestClassifier
INFO:Risultati:SCALER: StandardScaler(copy=True, with_mean=True, with_std=True)
INFO:Risultati:RIDUZIONE DIMENSIONALITA None
INFO:Risultati:IPERPARAMETRI: {'criterion': 'entropy', 'max_depth': 2, 'max_features': 'sqrt', 'max_leaf_nodes': 10, 'n_estimators': 5}
INFO:Risultati:TRAINING ERROR: 0.7016806722689076
INFO:Risultati:TEST ERROR: 0.5
INFO:Risultati:FINE ADDESTRAMENTO alle 17.Feb 2020 16:57:13, tempo di calcolo totale in secondi: 85.57097744941711
INFO:Risultati:INIZIO ADDESTRAMENTO alle 17.Feb 2020 16:57:13
INFO:Risultati:DATASET: Totali_with_BMI
INFO:Risultati:MODEL: RandomForestClassifier
INFO:Risultati:SCALER: StandardScaler(copy=True, with_mean=True, with_std=True)
INFO:Risultati:RIDUZIONE DIMENSIONALITA None
INFO:Risultati:IPERPARAMETRI: {'criterion': 'gini', 'max_depth': 5, 'max_features': 'sqrt', 'max_leaf_nodes': 2, 'n_estimators': 100}
INFO:Risultati:TRAINING ERROR: 0.7022408963585435
INFO:Risultati:TEST ERROR: 0.6153846153846154
INFO:Risultati:FINE ADDESTRAMENTO alle 17.Feb 2020 16:58:39, tempo di calcolo totale in secondi: 86.05194115638733
INFO:Risultati:INIZIO ADDESTRAMENTO alle 17.Feb 2020 16:58:39
INFO:Risultati:DATASET: Totali_with_BMI
INFO:Risultati:MODEL: RandomForestClassifier
INFO:Risultati:SCALER: StandardScaler(copy=True, with_mean=True, with_std=True)
INFO:Risultati:RIDUZIONE DIMENSIONALITA None
INFO:Risultati:IPERPARAMETRI: {'criterion': 'entropy', 'max_depth': 5, 'max_features': 'sqrt', 'max_leaf_nodes': 5, 'n_estimators': 100}
INFO:Risultati:TRAINING ERROR: 0.7016806722689076
INFO:Risultati:TEST ERROR: 0.6923076923076923
INFO:Risultati:FINE ADDESTRAMENTO alle 17.Feb 2020 17:00:05, tempo di calcolo totale in secondi: 85.59751772880554
INFO:Risultati:INIZIO ADDESTRAMENTO alle 17.Feb 2020 17:00:05
INFO:Risultati:DATASET: Totali_with_BMI
INFO:Risultati:MODEL: GaussianNB
INFO:Risultati:SCALER: StandardScaler(copy=True, with_mean=True, with_std=True)
INFO:Risultati:RIDUZIONE DIMENSIONALITA None
INFO:Risultati:IPERPARAMETRI: {}
INFO:Risultati:TRAINING ERROR: 0.6725490196078431
INFO:Risultati:TEST ERROR: 0.8076923076923077
INFO:Risultati:FINE ADDESTRAMENTO alle 17.Feb 2020 17:00:05, tempo di calcolo totale in secondi: 0.008672475814819336
INFO:Risultati:INIZIO ADDESTRAMENTO alle 17.Feb 2020 17:00:05
INFO:Risultati:DATASET: Totali_with_BMI
INFO:Risultati:MODEL: GaussianNB
INFO:Risultati:SCALER: StandardScaler(copy=True, with_mean=True, with_std=True)
INFO:Risultati:RIDUZIONE DIMENSIONALITA None
INFO:Risultati:IPERPARAMETRI: {}
INFO:Risultati:TRAINING ERROR: 0.692717086834734
INFO:Risultati:TEST ERROR: 0.6923076923076923
INFO:Risultati:FINE ADDESTRAMENTO alle 17.Feb 2020 17:00:05, tempo di calcolo totale in secondi: 0.009480714797973633
INFO:Risultati:INIZIO ADDESTRAMENTO alle 17.Feb 2020 17:00:05
INFO:Risultati:DATASET: Totali_with_BMI
INFO:Risultati:MODEL: GaussianNB
INFO:Risultati:SCALER: StandardScaler(copy=True, with_mean=True, with_std=True)
INFO:Risultati:RIDUZIONE DIMENSIONALITA None
INFO:Risultati:IPERPARAMETRI: {}
INFO:Risultati:TRAINING ERROR: 0.6739495798319327
INFO:Risultati:TEST ERROR: 0.6923076923076923
INFO:Risultati:FINE ADDESTRAMENTO alle 17.Feb 2020 17:00:05, tempo di calcolo totale in secondi: 0.007672309875488281
INFO:Risultati:INIZIO ADDESTRAMENTO alle 17.Feb 2020 17:00:05
INFO:Risultati:DATASET: Totali_with_BMI
INFO:Risultati:MODEL: GaussianNB
INFO:Risultati:SCALER: StandardScaler(copy=True, with_mean=True, with_std=True)
INFO:Risultati:RIDUZIONE DIMENSIONALITA None
INFO:Risultati:IPERPARAMETRI: {}
INFO:Risultati:TRAINING ERROR: 0.6929971988795517
INFO:Risultati:TEST ERROR: 0.6153846153846154
INFO:Risultati:FINE ADDESTRAMENTO alle 17.Feb 2020 17:00:05, tempo di calcolo totale in secondi: 0.0077974796295166016
INFO:Risultati:INIZIO ADDESTRAMENTO alle 17.Feb 2020 17:00:05
INFO:Risultati:DATASET: Totali_with_BMI
INFO:Risultati:MODEL: GaussianNB
INFO:Risultati:SCALER: StandardScaler(copy=True, with_mean=True, with_std=True)
INFO:Risultati:RIDUZIONE DIMENSIONALITA None
INFO:Risultati:IPERPARAMETRI: {}
INFO:Risultati:TRAINING ERROR: 0.7210084033613446
INFO:Risultati:TEST ERROR: 0.7307692307692307
INFO:Risultati:FINE ADDESTRAMENTO alle 17.Feb 2020 17:00:05, tempo di calcolo totale in secondi: 0.007737398147583008
INFO:Risultati:INIZIO ADDESTRAMENTO alle 17.Feb 2020 17:00:05
INFO:Risultati:DATASET: Totali_with_BMI
INFO:Risultati:MODEL: LinearDiscriminantAnalysis
INFO:Risultati:SCALER: StandardScaler(copy=True, with_mean=True, with_std=True)
INFO:Risultati:RIDUZIONE DIMENSIONALITA None
INFO:Risultati:IPERPARAMETRI: {}
INFO:Risultati:TRAINING ERROR: 0.711764705882353
INFO:Risultati:TEST ERROR: 0.5769230769230769
INFO:Risultati:FINE ADDESTRAMENTO alle 17.Feb 2020 17:00:05, tempo di calcolo totale in secondi: 0.01366567611694336
INFO:Risultati:INIZIO ADDESTRAMENTO alle 17.Feb 2020 17:00:05
INFO:Risultati:DATASET: Totali_with_BMI
INFO:Risultati:MODEL: LinearDiscriminantAnalysis
INFO:Risultati:SCALER: StandardScaler(copy=True, with_mean=True, with_std=True)
INFO:Risultati:RIDUZIONE DIMENSIONALITA None
INFO:Risultati:IPERPARAMETRI: {}
INFO:Risultati:TRAINING ERROR: 0.6823529411764705
INFO:Risultati:TEST ERROR: 0.6538461538461539
INFO:Risultati:FINE ADDESTRAMENTO alle 17.Feb 2020 17:00:05, tempo di calcolo totale in secondi: 0.010766983032226562
INFO:Risultati:INIZIO ADDESTRAMENTO alle 17.Feb 2020 17:00:05
INFO:Risultati:DATASET: Totali_with_BMI
INFO:Risultati:MODEL: LinearDiscriminantAnalysis
INFO:Risultati:SCALER: StandardScaler(copy=True, with_mean=True, with_std=True)
INFO:Risultati:RIDUZIONE DIMENSIONALITA None
INFO:Risultati:IPERPARAMETRI: {}
INFO:Risultati:TRAINING ERROR: 0.7112044817927172
INFO:Risultati:TEST ERROR: 0.6923076923076923
INFO:Risultati:FINE ADDESTRAMENTO alle 17.Feb 2020 17:00:05, tempo di calcolo totale in secondi: 0.011172294616699219
INFO:Risultati:INIZIO ADDESTRAMENTO alle 17.Feb 2020 17:00:05
INFO:Risultati:DATASET: Totali_with_BMI
INFO:Risultati:MODEL: LinearDiscriminantAnalysis
INFO:Risultati:SCALER: StandardScaler(copy=True, with_mean=True, with_std=True)
INFO:Risultati:RIDUZIONE DIMENSIONALITA None
INFO:Risultati:IPERPARAMETRI: {}
INFO:Risultati:TRAINING ERROR: 0.672829131652661
INFO:Risultati:TEST ERROR: 0.6153846153846154
INFO:Risultati:FINE ADDESTRAMENTO alle 17.Feb 2020 17:00:05, tempo di calcolo totale in secondi: 0.014396429061889648
INFO:Risultati:INIZIO ADDESTRAMENTO alle 17.Feb 2020 17:00:05
INFO:Risultati:DATASET: Totali_with_BMI
INFO:Risultati:MODEL: LinearDiscriminantAnalysis
INFO:Risultati:SCALER: StandardScaler(copy=True, with_mean=True, with_std=True)
INFO:Risultati:RIDUZIONE DIMENSIONALITA None
INFO:Risultati:IPERPARAMETRI: {}
INFO:Risultati:TRAINING ERROR: 0.6918767507002802
INFO:Risultati:TEST ERROR: 0.7307692307692307
INFO:Risultati:FINE ADDESTRAMENTO alle 17.Feb 2020 17:00:05, tempo di calcolo totale in secondi: 0.019832611083984375
INFO:Risultati:INIZIO ADDESTRAMENTO alle 17.Feb 2020 17:00:05
INFO:Risultati:DATASET: Totali_with_BMI
INFO:Risultati:MODEL: MLPClassifier
INFO:Risultati:SCALER: StandardScaler(copy=True, with_mean=True, with_std=True)
INFO:Risultati:RIDUZIONE DIMENSIONALITA None
INFO:Risultati:IPERPARAMETRI: {'activation': 'tanh', 'hidden_layer_sizes': [2], 'max_iter': 5000}
INFO:Risultati:TRAINING ERROR: 0.6731092436974789
INFO:Risultati:TEST ERROR: 0.7692307692307693
INFO:Risultati:FINE ADDESTRAMENTO alle 17.Feb 2020 17:00:22, tempo di calcolo totale in secondi: 16.79688572883606
INFO:Risultati:INIZIO ADDESTRAMENTO alle 17.Feb 2020 17:00:22
INFO:Risultati:DATASET: Totali_with_BMI
INFO:Risultati:MODEL: MLPClassifier
INFO:Risultati:SCALER: StandardScaler(copy=True, with_mean=True, with_std=True)
INFO:Risultati:RIDUZIONE DIMENSIONALITA None
INFO:Risultati:IPERPARAMETRI: {'activation': 'relu', 'hidden_layer_sizes': [6], 'max_iter': 5000}
INFO:Risultati:TRAINING ERROR: 0.73109243697479
INFO:Risultati:TEST ERROR: 0.5769230769230769
INFO:Risultati:FINE ADDESTRAMENTO alle 17.Feb 2020 17:00:38, tempo di calcolo totale in secondi: 16.029442071914673
INFO:Risultati:INIZIO ADDESTRAMENTO alle 17.Feb 2020 17:00:38
INFO:Risultati:DATASET: Totali_with_BMI
INFO:Risultati:MODEL: MLPClassifier
INFO:Risultati:SCALER: StandardScaler(copy=True, with_mean=True, with_std=True)
INFO:Risultati:RIDUZIONE DIMENSIONALITA None
INFO:Risultati:IPERPARAMETRI: {'activation': 'tanh', 'hidden_layer_sizes': [4], 'max_iter': 5000}
INFO:Risultati:TRAINING ERROR: 0.7316526610644258
INFO:Risultati:TEST ERROR: 0.5384615384615384
INFO:Risultati:FINE ADDESTRAMENTO alle 17.Feb 2020 17:00:54, tempo di calcolo totale in secondi: 16.110086679458618
INFO:Risultati:INIZIO ADDESTRAMENTO alle 17.Feb 2020 17:00:54
INFO:Risultati:DATASET: Totali_with_BMI
INFO:Risultati:MODEL: MLPClassifier
INFO:Risultati:SCALER: StandardScaler(copy=True, with_mean=True, with_std=True)
INFO:Risultati:RIDUZIONE DIMENSIONALITA None
INFO:Risultati:IPERPARAMETRI: {'activation': 'logistic', 'hidden_layer_sizes': [6], 'max_iter': 5000}
INFO:Risultati:TRAINING ERROR: 0.6529411764705882
INFO:Risultati:TEST ERROR: 0.7692307692307693
INFO:Risultati:FINE ADDESTRAMENTO alle 17.Feb 2020 17:01:10, tempo di calcolo totale in secondi: 15.794931411743164
INFO:Risultati:INIZIO ADDESTRAMENTO alle 17.Feb 2020 17:01:10
INFO:Risultati:DATASET: Totali_with_BMI
INFO:Risultati:MODEL: MLPClassifier
INFO:Risultati:SCALER: StandardScaler(copy=True, with_mean=True, with_std=True)
INFO:Risultati:RIDUZIONE DIMENSIONALITA None
INFO:Risultati:IPERPARAMETRI: {'activation': 'identity', 'hidden_layer_sizes': [20], 'max_iter': 5000}
INFO:Risultati:TRAINING ERROR: 0.7014005602240897
INFO:Risultati:TEST ERROR: 0.6923076923076923
INFO:Risultati:FINE ADDESTRAMENTO alle 17.Feb 2020 17:01:24, tempo di calcolo totale in secondi: 14.091564655303955
INFO:Risultati:INIZIO ADDESTRAMENTO alle 17.Feb 2020 17:01:24
INFO:Risultati:DATASET: Totali_with_DATA
INFO:Risultati:MODEL: SVC
INFO:Risultati:SCALER: StandardScaler(copy=True, with_mean=True, with_std=True)
INFO:Risultati:RIDUZIONE DIMENSIONALITA None
INFO:Risultati:IPERPARAMETRI: {'C': 27.825594022071257, 'gamma': 0.003593813663804626, 'kernel': 'rbf'}
INFO:Risultati:TRAINING ERROR: 0.7504201680672269
INFO:Risultati:TEST ERROR: 0.7307692307692307
INFO:Risultati:FINE ADDESTRAMENTO alle 17.Feb 2020 17:01:24, tempo di calcolo totale in secondi: 0.5902926921844482
INFO:Risultati:INIZIO ADDESTRAMENTO alle 17.Feb 2020 17:01:24
INFO:Risultati:DATASET: Totali_with_DATA
INFO:Risultati:MODEL: SVC
INFO:Risultati:SCALER: StandardScaler(copy=True, with_mean=True, with_std=True)
INFO:Risultati:RIDUZIONE DIMENSIONALITA None
INFO:Risultati:IPERPARAMETRI: {'C': 166.81005372000593, 'gamma': 0.003593813663804626, 'kernel': 'rbf'}
INFO:Risultati:TRAINING ERROR: 0.7414565826330533
INFO:Risultati:TEST ERROR: 0.7307692307692307
INFO:Risultati:FINE ADDESTRAMENTO alle 17.Feb 2020 17:01:25, tempo di calcolo totale in secondi: 0.6421499252319336
INFO:Risultati:INIZIO ADDESTRAMENTO alle 17.Feb 2020 17:01:25
INFO:Risultati:DATASET: Totali_with_DATA
INFO:Risultati:MODEL: SVC
INFO:Risultati:SCALER: StandardScaler(copy=True, with_mean=True, with_std=True)
INFO:Risultati:RIDUZIONE DIMENSIONALITA None
INFO:Risultati:IPERPARAMETRI: {'C': 0.774263682681127, 'gamma': 0.1291549665014884, 'kernel': 'rbf'}
INFO:Risultati:TRAINING ERROR: 0.7504201680672269
INFO:Risultati:TEST ERROR: 0.8461538461538461
INFO:Risultati:FINE ADDESTRAMENTO alle 17.Feb 2020 17:01:26, tempo di calcolo totale in secondi: 0.5973207950592041
INFO:Risultati:INIZIO ADDESTRAMENTO alle 17.Feb 2020 17:01:26
INFO:Risultati:DATASET: Totali_with_DATA
INFO:Risultati:MODEL: SVC
INFO:Risultati:SCALER: StandardScaler(copy=True, with_mean=True, with_std=True)
INFO:Risultati:RIDUZIONE DIMENSIONALITA None
INFO:Risultati:IPERPARAMETRI: {'C': 0.774263682681127, 'gamma': 0.1291549665014884, 'kernel': 'rbf'}
INFO:Risultati:TRAINING ERROR: 0.7596638655462185
INFO:Risultati:TEST ERROR: 0.7692307692307693
INFO:Risultati:FINE ADDESTRAMENTO alle 17.Feb 2020 17:01:27, tempo di calcolo totale in secondi: 1.0153074264526367
INFO:Risultati:INIZIO ADDESTRAMENTO alle 17.Feb 2020 17:01:27
INFO:Risultati:DATASET: Totali_with_DATA
INFO:Risultati:MODEL: SVC
INFO:Risultati:SCALER: StandardScaler(copy=True, with_mean=True, with_std=True)
INFO:Risultati:RIDUZIONE DIMENSIONALITA None
INFO:Risultati:IPERPARAMETRI: {'C': 166.81005372000593, 'gamma': 0.0005994842503189409, 'kernel': 'rbf'}
INFO:Risultati:TRAINING ERROR: 0.7890756302521008
INFO:Risultati:TEST ERROR: 0.7307692307692307
INFO:Risultati:FINE ADDESTRAMENTO alle 17.Feb 2020 17:01:27, tempo di calcolo totale in secondi: 0.5020899772644043
INFO:Risultati:INIZIO ADDESTRAMENTO alle 17.Feb 2020 17:01:27
INFO:Risultati:DATASET: Totali_with_DATA
INFO:Risultati:MODEL: DecisionTreeClassifier
INFO:Risultati:SCALER: StandardScaler(copy=True, with_mean=True, with_std=True)
INFO:Risultati:RIDUZIONE DIMENSIONALITA None
INFO:Risultati:IPERPARAMETRI: {'criterion': 'entropy', 'max_depth': 5, 'max_features': 'sqrt', 'max_leaf_nodes': 5}
INFO:Risultati:TRAINING ERROR: 0.7887955182072829
INFO:Risultati:TEST ERROR: 0.6538461538461539
INFO:Risultati:FINE ADDESTRAMENTO alle 17.Feb 2020 17:01:27, tempo di calcolo totale in secondi: 0.18366503715515137
INFO:Risultati:INIZIO ADDESTRAMENTO alle 17.Feb 2020 17:01:27
INFO:Risultati:DATASET: Totali_with_DATA
INFO:Risultati:MODEL: DecisionTreeClassifier
INFO:Risultati:SCALER: StandardScaler(copy=True, with_mean=True, with_std=True)
INFO:Risultati:RIDUZIONE DIMENSIONALITA None
INFO:Risultati:IPERPARAMETRI: {'criterion': 'entropy', 'max_depth': 10, 'max_features': 'log2', 'max_leaf_nodes': 5}
INFO:Risultati:TRAINING ERROR: 0.749859943977591
INFO:Risultati:TEST ERROR: 0.6153846153846154
INFO:Risultati:FINE ADDESTRAMENTO alle 17.Feb 2020 17:01:28, tempo di calcolo totale in secondi: 0.17983031272888184
INFO:Risultati:INIZIO ADDESTRAMENTO alle 17.Feb 2020 17:01:28
INFO:Risultati:DATASET: Totali_with_DATA
INFO:Risultati:MODEL: DecisionTreeClassifier
INFO:Risultati:SCALER: StandardScaler(copy=True, with_mean=True, with_std=True)
INFO:Risultati:RIDUZIONE DIMENSIONALITA None
INFO:Risultati:IPERPARAMETRI: {'criterion': 'gini', 'max_depth': None, 'max_features': None, 'max_leaf_nodes': 2}
INFO:Risultati:TRAINING ERROR: 0.7210084033613446
INFO:Risultati:TEST ERROR: 0.46153846153846156
INFO:Risultati:FINE ADDESTRAMENTO alle 17.Feb 2020 17:01:28, tempo di calcolo totale in secondi: 0.18623638153076172
INFO:Risultati:INIZIO ADDESTRAMENTO alle 17.Feb 2020 17:01:28
INFO:Risultati:DATASET: Totali_with_DATA
INFO:Risultati:MODEL: DecisionTreeClassifier
INFO:Risultati:SCALER: StandardScaler(copy=True, with_mean=True, with_std=True)
INFO:Risultati:RIDUZIONE DIMENSIONALITA None
INFO:Risultati:IPERPARAMETRI: {'criterion': 'gini', 'max_depth': 2, 'max_features': 'log2', 'max_leaf_nodes': 5}
INFO:Risultati:TRAINING ERROR: 0.7322128851540617
INFO:Risultati:TEST ERROR: 0.7692307692307693
INFO:Risultati:FINE ADDESTRAMENTO alle 17.Feb 2020 17:01:28, tempo di calcolo totale in secondi: 0.18627238273620605
INFO:Risultati:INIZIO ADDESTRAMENTO alle 17.Feb 2020 17:01:28
INFO:Risultati:DATASET: Totali_with_DATA
INFO:Risultati:MODEL: DecisionTreeClassifier
INFO:Risultati:SCALER: StandardScaler(copy=True, with_mean=True, with_std=True)
INFO:Risultati:RIDUZIONE DIMENSIONALITA None
INFO:Risultati:IPERPARAMETRI: {'criterion': 'gini', 'max_depth': 2, 'max_features': None, 'max_leaf_nodes': None}
INFO:Risultati:TRAINING ERROR: 0.7599439775910364
INFO:Risultati:TEST ERROR: 0.7692307692307693
INFO:Risultati:FINE ADDESTRAMENTO alle 17.Feb 2020 17:01:28, tempo di calcolo totale in secondi: 0.17974138259887695
INFO:Risultati:INIZIO ADDESTRAMENTO alle 17.Feb 2020 17:01:28
INFO:Risultati:DATASET: Totali_with_DATA
INFO:Risultati:MODEL: RandomForestClassifier
INFO:Risultati:SCALER: StandardScaler(copy=True, with_mean=True, with_std=True)
INFO:Risultati:RIDUZIONE DIMENSIONALITA None
INFO:Risultati:IPERPARAMETRI: {'criterion': 'gini', 'max_depth': 2, 'max_features': 'log2', 'max_leaf_nodes': 50, 'n_estimators': 5}
INFO:Risultati:TRAINING ERROR: 0.7890756302521008
INFO:Risultati:TEST ERROR: 0.5384615384615384
INFO:Risultati:FINE ADDESTRAMENTO alle 17.Feb 2020 17:02:53, tempo di calcolo totale in secondi: 84.99661827087402
INFO:Risultati:INIZIO ADDESTRAMENTO alle 17.Feb 2020 17:02:53
INFO:Risultati:DATASET: Totali_with_DATA
INFO:Risultati:MODEL: RandomForestClassifier
INFO:Risultati:SCALER: StandardScaler(copy=True, with_mean=True, with_std=True)
INFO:Risultati:RIDUZIONE DIMENSIONALITA None
INFO:Risultati:IPERPARAMETRI: {'criterion': 'gini', 'max_depth': None, 'max_features': None, 'max_leaf_nodes': None, 'n_estimators': 10}
INFO:Risultati:TRAINING ERROR: 0.7694677871148459
INFO:Risultati:TEST ERROR: 0.8461538461538461
INFO:Risultati:FINE ADDESTRAMENTO alle 17.Feb 2020 17:04:19, tempo di calcolo totale in secondi: 86.06240797042847
INFO:Risultati:INIZIO ADDESTRAMENTO alle 17.Feb 2020 17:04:19
INFO:Risultati:DATASET: Totali_with_DATA
INFO:Risultati:MODEL: RandomForestClassifier
INFO:Risultati:SCALER: StandardScaler(copy=True, with_mean=True, with_std=True)
INFO:Risultati:RIDUZIONE DIMENSIONALITA None
INFO:Risultati:IPERPARAMETRI: {'criterion': 'entropy', 'max_depth': None, 'max_features': 'log2', 'max_leaf_nodes': 50, 'n_estimators': 5}
INFO:Risultati:TRAINING ERROR: 0.7403361344537815
INFO:Risultati:TEST ERROR: 0.7307692307692307
INFO:Risultati:FINE ADDESTRAMENTO alle 17.Feb 2020 17:05:45, tempo di calcolo totale in secondi: 85.98772859573364
INFO:Risultati:INIZIO ADDESTRAMENTO alle 17.Feb 2020 17:05:45
INFO:Risultati:DATASET: Totali_with_DATA
INFO:Risultati:MODEL: RandomForestClassifier
INFO:Risultati:SCALER: StandardScaler(copy=True, with_mean=True, with_std=True)
INFO:Risultati:RIDUZIONE DIMENSIONALITA None
INFO:Risultati:IPERPARAMETRI: {'criterion': 'gini', 'max_depth': 5, 'max_features': 'log2', 'max_leaf_nodes': 5, 'n_estimators': 50}
INFO:Risultati:TRAINING ERROR: 0.7591036414565827
INFO:Risultati:TEST ERROR: 0.7692307692307693
INFO:Risultati:FINE ADDESTRAMENTO alle 17.Feb 2020 17:07:14, tempo di calcolo totale in secondi: 89.21543025970459
INFO:Risultati:INIZIO ADDESTRAMENTO alle 17.Feb 2020 17:07:14
INFO:Risultati:DATASET: Totali_with_DATA
INFO:Risultati:MODEL: RandomForestClassifier
INFO:Risultati:SCALER: StandardScaler(copy=True, with_mean=True, with_std=True)
INFO:Risultati:RIDUZIONE DIMENSIONALITA None
INFO:Risultati:IPERPARAMETRI: {'criterion': 'gini', 'max_depth': 5, 'max_features': 'sqrt', 'max_leaf_nodes': 5, 'n_estimators': 100}
INFO:Risultati:TRAINING ERROR: 0.7890756302521008
INFO:Risultati:TEST ERROR: 0.6538461538461539
INFO:Risultati:FINE ADDESTRAMENTO alle 17.Feb 2020 17:08:45, tempo di calcolo totale in secondi: 90.76634335517883
INFO:Risultati:INIZIO ADDESTRAMENTO alle 17.Feb 2020 17:08:45
INFO:Risultati:DATASET: Totali_with_DATA
INFO:Risultati:MODEL: GaussianNB
INFO:Risultati:SCALER: StandardScaler(copy=True, with_mean=True, with_std=True)
INFO:Risultati:RIDUZIONE DIMENSIONALITA None
INFO:Risultati:IPERPARAMETRI: {}
INFO:Risultati:TRAINING ERROR: 0.7028011204481793
INFO:Risultati:TEST ERROR: 0.7307692307692307
INFO:Risultati:FINE ADDESTRAMENTO alle 17.Feb 2020 17:08:45, tempo di calcolo totale in secondi: 0.008112192153930664
INFO:Risultati:INIZIO ADDESTRAMENTO alle 17.Feb 2020 17:08:45
INFO:Risultati:DATASET: Totali_with_DATA
INFO:Risultati:MODEL: GaussianNB
INFO:Risultati:SCALER: StandardScaler(copy=True, with_mean=True, with_std=True)
INFO:Risultati:RIDUZIONE DIMENSIONALITA None
INFO:Risultati:IPERPARAMETRI: {}
INFO:Risultati:TRAINING ERROR: 0.7585434173669467
INFO:Risultati:TEST ERROR: 0.6153846153846154
INFO:Risultati:FINE ADDESTRAMENTO alle 17.Feb 2020 17:08:45, tempo di calcolo totale in secondi: 0.009738922119140625
INFO:Risultati:INIZIO ADDESTRAMENTO alle 17.Feb 2020 17:08:45
INFO:Risultati:DATASET: Totali_with_DATA
INFO:Risultati:MODEL: GaussianNB
INFO:Risultati:SCALER: StandardScaler(copy=True, with_mean=True, with_std=True)
INFO:Risultati:RIDUZIONE DIMENSIONALITA None
INFO:Risultati:IPERPARAMETRI: {}
INFO:Risultati:TRAINING ERROR: 0.7103641456582633
INFO:Risultati:TEST ERROR: 0.8076923076923077
INFO:Risultati:FINE ADDESTRAMENTO alle 17.Feb 2020 17:08:45, tempo di calcolo totale in secondi: 0.008265972137451172
INFO:Risultati:INIZIO ADDESTRAMENTO alle 17.Feb 2020 17:08:45
INFO:Risultati:DATASET: Totali_with_DATA
INFO:Risultati:MODEL: GaussianNB
INFO:Risultati:SCALER: StandardScaler(copy=True, with_mean=True, with_std=True)
INFO:Risultati:RIDUZIONE DIMENSIONALITA None
INFO:Risultati:IPERPARAMETRI: {}
INFO:Risultati:TRAINING ERROR: 0.6733893557422969
INFO:Risultati:TEST ERROR: 0.8076923076923077
INFO:Risultati:FINE ADDESTRAMENTO alle 17.Feb 2020 17:08:45, tempo di calcolo totale in secondi: 0.00830984115600586
INFO:Risultati:INIZIO ADDESTRAMENTO alle 17.Feb 2020 17:08:45
INFO:Risultati:DATASET: Totali_with_DATA
INFO:Risultati:MODEL: GaussianNB
INFO:Risultati:SCALER: StandardScaler(copy=True, with_mean=True, with_std=True)
INFO:Risultati:RIDUZIONE DIMENSIONALITA None
INFO:Risultati:IPERPARAMETRI: {}
INFO:Risultati:TRAINING ERROR: 0.7593837535014005
INFO:Risultati:TEST ERROR: 0.6153846153846154
INFO:Risultati:FINE ADDESTRAMENTO alle 17.Feb 2020 17:08:45, tempo di calcolo totale in secondi: 0.007762908935546875
INFO:Risultati:INIZIO ADDESTRAMENTO alle 17.Feb 2020 17:08:45
INFO:Risultati:DATASET: Totali_with_DATA
INFO:Risultati:MODEL: LinearDiscriminantAnalysis
INFO:Risultati:SCALER: StandardScaler(copy=True, with_mean=True, with_std=True)
INFO:Risultati:RIDUZIONE DIMENSIONALITA None
INFO:Risultati:IPERPARAMETRI: {}
INFO:Risultati:TRAINING ERROR: 0.6733893557422969
INFO:Risultati:TEST ERROR: 0.8076923076923077
INFO:Risultati:FINE ADDESTRAMENTO alle 17.Feb 2020 17:08:45, tempo di calcolo totale in secondi: 0.023224353790283203
INFO:Risultati:INIZIO ADDESTRAMENTO alle 17.Feb 2020 17:08:45
INFO:Risultati:DATASET: Totali_with_DATA
INFO:Risultati:MODEL: LinearDiscriminantAnalysis
INFO:Risultati:SCALER: StandardScaler(copy=True, with_mean=True, with_std=True)
INFO:Risultati:RIDUZIONE DIMENSIONALITA None
INFO:Risultati:IPERPARAMETRI: {}
INFO:Risultati:TRAINING ERROR: 0.7025210084033614
INFO:Risultati:TEST ERROR: 0.8076923076923077
INFO:Risultati:FINE ADDESTRAMENTO alle 17.Feb 2020 17:08:45, tempo di calcolo totale in secondi: 0.016993284225463867
INFO:Risultati:INIZIO ADDESTRAMENTO alle 17.Feb 2020 17:08:45
INFO:Risultati:DATASET: Totali_with_DATA
INFO:Risultati:MODEL: LinearDiscriminantAnalysis
INFO:Risultati:SCALER: StandardScaler(copy=True, with_mean=True, with_std=True)
INFO:Risultati:RIDUZIONE DIMENSIONALITA None
INFO:Risultati:IPERPARAMETRI: {}
INFO:Risultati:TRAINING ERROR: 0.7319327731092438
INFO:Risultati:TEST ERROR: 0.6538461538461539
INFO:Risultati:FINE ADDESTRAMENTO alle 17.Feb 2020 17:08:45, tempo di calcolo totale in secondi: 0.019521713256835938
INFO:Risultati:INIZIO ADDESTRAMENTO alle 17.Feb 2020 17:08:45
INFO:Risultati:DATASET: Totali_with_DATA
INFO:Risultati:MODEL: LinearDiscriminantAnalysis
INFO:Risultati:SCALER: StandardScaler(copy=True, with_mean=True, with_std=True)
INFO:Risultati:RIDUZIONE DIMENSIONALITA None
INFO:Risultati:IPERPARAMETRI: {}
INFO:Risultati:TRAINING ERROR: 0.6731092436974789
INFO:Risultati:TEST ERROR: 0.6923076923076923
INFO:Risultati:FINE ADDESTRAMENTO alle 17.Feb 2020 17:08:45, tempo di calcolo totale in secondi: 0.014450788497924805
INFO:Risultati:INIZIO ADDESTRAMENTO alle 17.Feb 2020 17:08:45
INFO:Risultati:DATASET: Totali_with_DATA
INFO:Risultati:MODEL: LinearDiscriminantAnalysis
INFO:Risultati:SCALER: StandardScaler(copy=True, with_mean=True, with_std=True)
INFO:Risultati:RIDUZIONE DIMENSIONALITA None
INFO:Risultati:IPERPARAMETRI: {}
INFO:Risultati:TRAINING ERROR: 0.7022408963585435
INFO:Risultati:TEST ERROR: 0.7307692307692307
INFO:Risultati:FINE ADDESTRAMENTO alle 17.Feb 2020 17:08:45, tempo di calcolo totale in secondi: 0.014244794845581055
INFO:Risultati:INIZIO ADDESTRAMENTO alle 17.Feb 2020 17:08:45
INFO:Risultati:DATASET: Totali_with_DATA
INFO:Risultati:MODEL: MLPClassifier
INFO:Risultati:SCALER: StandardScaler(copy=True, with_mean=True, with_std=True)
INFO:Risultati:RIDUZIONE DIMENSIONALITA None
INFO:Risultati:IPERPARAMETRI: {'activation': 'logistic', 'hidden_layer_sizes': [4], 'max_iter': 5000}
INFO:Risultati:TRAINING ERROR: 0.7210084033613446
INFO:Risultati:TEST ERROR: 0.7692307692307693
INFO:Risultati:FINE ADDESTRAMENTO alle 17.Feb 2020 17:09:02, tempo di calcolo totale in secondi: 16.822121620178223
INFO:Risultati:INIZIO ADDESTRAMENTO alle 17.Feb 2020 17:09:02
INFO:Risultati:DATASET: Totali_with_DATA
INFO:Risultati:MODEL: MLPClassifier
INFO:Risultati:SCALER: StandardScaler(copy=True, with_mean=True, with_std=True)
INFO:Risultati:RIDUZIONE DIMENSIONALITA None
INFO:Risultati:IPERPARAMETRI: {'activation': 'tanh', 'hidden_layer_sizes': [20], 'max_iter': 5000}
INFO:Risultati:TRAINING ERROR: 0.711484593837535
INFO:Risultati:TEST ERROR: 0.6153846153846154
INFO:Risultati:FINE ADDESTRAMENTO alle 17.Feb 2020 17:09:19, tempo di calcolo totale in secondi: 16.678371906280518
INFO:Risultati:INIZIO ADDESTRAMENTO alle 17.Feb 2020 17:09:19
INFO:Risultati:DATASET: Totali_with_DATA
INFO:Risultati:MODEL: MLPClassifier
INFO:Risultati:SCALER: StandardScaler(copy=True, with_mean=True, with_std=True)
INFO:Risultati:RIDUZIONE DIMENSIONALITA None
INFO:Risultati:IPERPARAMETRI: {'activation': 'logistic', 'hidden_layer_sizes': [6], 'max_iter': 5000}
INFO:Risultati:TRAINING ERROR: 0.7599439775910364
INFO:Risultati:TEST ERROR: 0.6153846153846154
INFO:Risultati:FINE ADDESTRAMENTO alle 17.Feb 2020 17:09:36, tempo di calcolo totale in secondi: 16.919331550598145
INFO:Risultati:INIZIO ADDESTRAMENTO alle 17.Feb 2020 17:09:36
INFO:Risultati:DATASET: Totali_with_DATA
INFO:Risultati:MODEL: MLPClassifier
INFO:Risultati:SCALER: StandardScaler(copy=True, with_mean=True, with_std=True)
INFO:Risultati:RIDUZIONE DIMENSIONALITA None
INFO:Risultati:IPERPARAMETRI: {'activation': 'identity', 'hidden_layer_sizes': [4], 'max_iter': 5000}
INFO:Risultati:TRAINING ERROR: 0.7876750700280112
INFO:Risultati:TEST ERROR: 0.5769230769230769
INFO:Risultati:FINE ADDESTRAMENTO alle 17.Feb 2020 17:09:52, tempo di calcolo totale in secondi: 16.420607805252075
INFO:Risultati:INIZIO ADDESTRAMENTO alle 17.Feb 2020 17:09:52
INFO:Risultati:DATASET: Totali_with_DATA
INFO:Risultati:MODEL: MLPClassifier
INFO:Risultati:SCALER: StandardScaler(copy=True, with_mean=True, with_std=True)
INFO:Risultati:RIDUZIONE DIMENSIONALITA None
INFO:Risultati:IPERPARAMETRI: {'activation': 'relu', 'hidden_layer_sizes': [2], 'max_iter': 5000}
INFO:Risultati:TRAINING ERROR: 0.7112044817927172
INFO:Risultati:TEST ERROR: 0.8461538461538461
INFO:Risultati:FINE ADDESTRAMENTO alle 17.Feb 2020 17:10:08, tempo di calcolo totale in secondi: 15.545491456985474
INFO:Risultati:INIZIO ADDESTRAMENTO alle 17.Feb 2020 17:11:10
INFO:Risultati:DATASET: Totali_with_DATA_and_BMI
INFO:Risultati:MODEL: SVC
INFO:Risultati:SCALER: StandardScaler(copy=True, with_mean=True, with_std=True)
INFO:Risultati:RIDUZIONE DIMENSIONALITA None
INFO:Risultati:IPERPARAMETRI: {'C': 0.774263682681127, 'gamma': 0.1291549665014884, 'kernel': 'rbf'}
INFO:Risultati:TRAINING ERROR: 0.7787114845938375
INFO:Risultati:TEST ERROR: 0.6538461538461539
INFO:Risultati:FINE ADDESTRAMENTO alle 17.Feb 2020 17:11:11, tempo di calcolo totale in secondi: 0.7747318744659424
INFO:Risultati:INIZIO ADDESTRAMENTO alle 17.Feb 2020 17:11:11
INFO:Risultati:DATASET: Totali_with_DATA_and_BMI
INFO:Risultati:MODEL: SVC
INFO:Risultati:SCALER: StandardScaler(copy=True, with_mean=True, with_std=True)
INFO:Risultati:RIDUZIONE DIMENSIONALITA None
INFO:Risultati:IPERPARAMETRI: {'C': 0.774263682681127, 'gamma': 'scale', 'kernel': 'rbf'}
INFO:Risultati:TRAINING ERROR: 0.7308123249299721
INFO:Risultati:TEST ERROR: 0.8076923076923077
INFO:Risultati:FINE ADDESTRAMENTO alle 17.Feb 2020 17:11:12, tempo di calcolo totale in secondi: 0.9454493522644043
INFO:Risultati:INIZIO ADDESTRAMENTO alle 17.Feb 2020 17:11:12
INFO:Risultati:DATASET: Totali_with_DATA_and_BMI
INFO:Risultati:MODEL: SVC
INFO:Risultati:SCALER: StandardScaler(copy=True, with_mean=True, with_std=True)
INFO:Risultati:RIDUZIONE DIMENSIONALITA None
INFO:Risultati:IPERPARAMETRI: {'C': 0.774263682681127, 'gamma': 'scale', 'kernel': 'rbf'}
INFO:Risultati:TRAINING ERROR: 0.703081232492997
INFO:Risultati:TEST ERROR: 0.8461538461538461
INFO:Risultati:FINE ADDESTRAMENTO alle 17.Feb 2020 17:11:12, tempo di calcolo totale in secondi: 0.6286666393280029
INFO:Risultati:INIZIO ADDESTRAMENTO alle 17.Feb 2020 17:11:12
INFO:Risultati:DATASET: Totali_with_DATA_and_BMI
INFO:Risultati:MODEL: SVC
INFO:Risultati:SCALER: StandardScaler(copy=True, with_mean=True, with_std=True)
INFO:Risultati:RIDUZIONE DIMENSIONALITA None
INFO:Risultati:IPERPARAMETRI: {'C': 166.81005372000593, 'gamma': 0.0005994842503189409, 'kernel': 'rbf'}
INFO:Risultati:TRAINING ERROR: 0.7689075630252101
INFO:Risultati:TEST ERROR: 0.6538461538461539
INFO:Risultati:FINE ADDESTRAMENTO alle 17.Feb 2020 17:11:13, tempo di calcolo totale in secondi: 0.569577693939209
INFO:Risultati:INIZIO ADDESTRAMENTO alle 17.Feb 2020 17:11:13
INFO:Risultati:DATASET: Totali_with_DATA_and_BMI
INFO:Risultati:MODEL: SVC
INFO:Risultati:SCALER: StandardScaler(copy=True, with_mean=True, with_std=True)
INFO:Risultati:RIDUZIONE DIMENSIONALITA None
INFO:Risultati:IPERPARAMETRI: {'C': 0.774263682681127, 'gamma': 'auto', 'kernel': 'rbf'}
INFO:Risultati:TRAINING ERROR: 0.7605042016806722
INFO:Risultati:TEST ERROR: 0.6538461538461539
INFO:Risultati:FINE ADDESTRAMENTO alle 17.Feb 2020 17:11:14, tempo di calcolo totale in secondi: 0.6541070938110352
INFO:Risultati:INIZIO ADDESTRAMENTO alle 17.Feb 2020 17:11:14
INFO:Risultati:DATASET: Totali_with_DATA_and_BMI
INFO:Risultati:MODEL: DecisionTreeClassifier
INFO:Risultati:SCALER: StandardScaler(copy=True, with_mean=True, with_std=True)
INFO:Risultati:RIDUZIONE DIMENSIONALITA None
INFO:Risultati:IPERPARAMETRI: {'criterion': 'gini', 'max_depth': 2, 'max_features': None, 'max_leaf_nodes': None}
INFO:Risultati:TRAINING ERROR: 0.7515406162464986
INFO:Risultati:TEST ERROR: 0.6923076923076923
INFO:Risultati:FINE ADDESTRAMENTO alle 17.Feb 2020 17:11:14, tempo di calcolo totale in secondi: 0.22379231452941895
INFO:Risultati:INIZIO ADDESTRAMENTO alle 17.Feb 2020 17:11:14
INFO:Risultati:DATASET: Totali_with_DATA_and_BMI
INFO:Risultati:MODEL: DecisionTreeClassifier
INFO:Risultati:SCALER: StandardScaler(copy=True, with_mean=True, with_std=True)
INFO:Risultati:RIDUZIONE DIMENSIONALITA None
INFO:Risultati:IPERPARAMETRI: {'criterion': 'gini', 'max_depth': 2, 'max_features': None, 'max_leaf_nodes': None}
INFO:Risultati:TRAINING ERROR: 0.7602240896358543
INFO:Risultati:TEST ERROR: 0.6153846153846154
INFO:Risultati:FINE ADDESTRAMENTO alle 17.Feb 2020 17:11:14, tempo di calcolo totale in secondi: 0.20218563079833984
INFO:Risultati:INIZIO ADDESTRAMENTO alle 17.Feb 2020 17:11:14
INFO:Risultati:DATASET: Totali_with_DATA_and_BMI
INFO:Risultati:MODEL: DecisionTreeClassifier
INFO:Risultati:SCALER: StandardScaler(copy=True, with_mean=True, with_std=True)
INFO:Risultati:RIDUZIONE DIMENSIONALITA None
INFO:Risultati:IPERPARAMETRI: {'criterion': 'entropy', 'max_depth': 10, 'max_features': 'log2', 'max_leaf_nodes': 5}
INFO:Risultati:TRAINING ERROR: 0.749859943977591
INFO:Risultati:TEST ERROR: 0.5384615384615384
INFO:Risultati:FINE ADDESTRAMENTO alle 17.Feb 2020 17:11:14, tempo di calcolo totale in secondi: 0.19803452491760254
INFO:Risultati:INIZIO ADDESTRAMENTO alle 17.Feb 2020 17:11:14
INFO:Risultati:DATASET: Totali_with_DATA_and_BMI
INFO:Risultati:MODEL: DecisionTreeClassifier
INFO:Risultati:SCALER: StandardScaler(copy=True, with_mean=True, with_std=True)
INFO:Risultati:RIDUZIONE DIMENSIONALITA None
INFO:Risultati:IPERPARAMETRI: {'criterion': 'gini', 'max_depth': None, 'max_features': 'sqrt', 'max_leaf_nodes': 5}
INFO:Risultati:TRAINING ERROR: 0.7221288515406163
INFO:Risultati:TEST ERROR: 0.6923076923076923
INFO:Risultati:FINE ADDESTRAMENTO alle 17.Feb 2020 17:11:14, tempo di calcolo totale in secondi: 0.20073246955871582
INFO:Risultati:INIZIO ADDESTRAMENTO alle 17.Feb 2020 17:11:14
INFO:Risultati:DATASET: Totali_with_DATA_and_BMI
INFO:Risultati:MODEL: DecisionTreeClassifier
INFO:Risultati:SCALER: StandardScaler(copy=True, with_mean=True, with_std=True)
INFO:Risultati:RIDUZIONE DIMENSIONALITA None
INFO:Risultati:IPERPARAMETRI: {'criterion': 'entropy', 'max_depth': None, 'max_features': 'log2', 'max_leaf_nodes': 100}
INFO:Risultati:TRAINING ERROR: 0.7596638655462185
INFO:Risultati:TEST ERROR: 0.6923076923076923
INFO:Risultati:FINE ADDESTRAMENTO alle 17.Feb 2020 17:11:15, tempo di calcolo totale in secondi: 0.1952366828918457
INFO:Risultati:INIZIO ADDESTRAMENTO alle 17.Feb 2020 17:11:15
INFO:Risultati:DATASET: Totali_with_DATA_and_BMI
INFO:Risultati:MODEL: RandomForestClassifier
INFO:Risultati:SCALER: StandardScaler(copy=True, with_mean=True, with_std=True)
INFO:Risultati:RIDUZIONE DIMENSIONALITA None
INFO:Risultati:IPERPARAMETRI: {'criterion': 'entropy', 'max_depth': 2, 'max_features': 'sqrt', 'max_leaf_nodes': None, 'n_estimators': 10}
INFO:Risultati:TRAINING ERROR: 0.7313725490196078
INFO:Risultati:TEST ERROR: 0.7692307692307693
INFO:Risultati:FINE ADDESTRAMENTO alle 17.Feb 2020 17:12:42, tempo di calcolo totale in secondi: 87.72942280769348
INFO:Risultati:INIZIO ADDESTRAMENTO alle 17.Feb 2020 17:12:42
INFO:Risultati:DATASET: Totali_with_DATA_and_BMI
INFO:Risultati:MODEL: RandomForestClassifier
INFO:Risultati:SCALER: StandardScaler(copy=True, with_mean=True, with_std=True)
INFO:Risultati:RIDUZIONE DIMENSIONALITA None
INFO:Risultati:IPERPARAMETRI: {'criterion': 'gini', 'max_depth': 2, 'max_features': 'sqrt', 'max_leaf_nodes': 5, 'n_estimators': 200}
INFO:Risultati:TRAINING ERROR: 0.7596638655462185
INFO:Risultati:TEST ERROR: 0.7692307692307693
INFO:Risultati:FINE ADDESTRAMENTO alle 17.Feb 2020 17:14:10, tempo di calcolo totale in secondi: 88.12544679641724
INFO:Risultati:INIZIO ADDESTRAMENTO alle 17.Feb 2020 17:14:10
INFO:Risultati:DATASET: Totali_with_DATA_and_BMI
INFO:Risultati:MODEL: RandomForestClassifier
INFO:Risultati:SCALER: StandardScaler(copy=True, with_mean=True, with_std=True)
INFO:Risultati:RIDUZIONE DIMENSIONALITA None
INFO:Risultati:IPERPARAMETRI: {'criterion': 'entropy', 'max_depth': None, 'max_features': None, 'max_leaf_nodes': 100, 'n_estimators': 5}
INFO:Risultati:TRAINING ERROR: 0.8078431372549021
INFO:Risultati:TEST ERROR: 0.6153846153846154
INFO:Risultati:FINE ADDESTRAMENTO alle 17.Feb 2020 17:15:39, tempo di calcolo totale in secondi: 88.61877965927124
INFO:Risultati:INIZIO ADDESTRAMENTO alle 17.Feb 2020 17:15:39
INFO:Risultati:DATASET: Totali_with_DATA_and_BMI
INFO:Risultati:MODEL: RandomForestClassifier
INFO:Risultati:SCALER: StandardScaler(copy=True, with_mean=True, with_std=True)
INFO:Risultati:RIDUZIONE DIMENSIONALITA None
INFO:Risultati:IPERPARAMETRI: {'criterion': 'entropy', 'max_depth': None, 'max_features': None, 'max_leaf_nodes': 5, 'n_estimators': 10}
INFO:Risultati:TRAINING ERROR: 0.7593837535014005
INFO:Risultati:TEST ERROR: 0.6923076923076923
INFO:Risultati:FINE ADDESTRAMENTO alle 17.Feb 2020 17:17:06, tempo di calcolo totale in secondi: 86.90710377693176
INFO:Risultati:INIZIO ADDESTRAMENTO alle 17.Feb 2020 17:17:06
INFO:Risultati:DATASET: Totali_with_DATA_and_BMI
INFO:Risultati:MODEL: RandomForestClassifier
INFO:Risultati:SCALER: StandardScaler(copy=True, with_mean=True, with_std=True)
INFO:Risultati:RIDUZIONE DIMENSIONALITA None
INFO:Risultati:IPERPARAMETRI: {'criterion': 'entropy', 'max_depth': None, 'max_features': 'log2', 'max_leaf_nodes': 10, 'n_estimators': 50}
INFO:Risultati:TRAINING ERROR: 0.7890756302521008
INFO:Risultati:TEST ERROR: 0.6538461538461539
INFO:Risultati:FINE ADDESTRAMENTO alle 17.Feb 2020 17:18:32, tempo di calcolo totale in secondi: 85.93063187599182
INFO:Risultati:INIZIO ADDESTRAMENTO alle 17.Feb 2020 17:18:32
INFO:Risultati:DATASET: Totali_with_DATA_and_BMI
INFO:Risultati:MODEL: GaussianNB
INFO:Risultati:SCALER: StandardScaler(copy=True, with_mean=True, with_std=True)
INFO:Risultati:RIDUZIONE DIMENSIONALITA None
INFO:Risultati:IPERPARAMETRI: {}
INFO:Risultati:TRAINING ERROR: 0.7207282913165267
INFO:Risultati:TEST ERROR: 0.8076923076923077
INFO:Risultati:FINE ADDESTRAMENTO alle 17.Feb 2020 17:18:32, tempo di calcolo totale in secondi: 0.008720636367797852
INFO:Risultati:INIZIO ADDESTRAMENTO alle 17.Feb 2020 17:18:32
INFO:Risultati:DATASET: Totali_with_DATA_and_BMI
INFO:Risultati:MODEL: GaussianNB
INFO:Risultati:SCALER: StandardScaler(copy=True, with_mean=True, with_std=True)
INFO:Risultati:RIDUZIONE DIMENSIONALITA None
INFO:Risultati:IPERPARAMETRI: {}
INFO:Risultati:TRAINING ERROR: 0.7792717086834733
INFO:Risultati:TEST ERROR: 0.8076923076923077
INFO:Risultati:FINE ADDESTRAMENTO alle 17.Feb 2020 17:18:32, tempo di calcolo totale in secondi: 0.009561538696289062
INFO:Risultati:INIZIO ADDESTRAMENTO alle 17.Feb 2020 17:18:32
INFO:Risultati:DATASET: Totali_with_DATA_and_BMI
INFO:Risultati:MODEL: GaussianNB
INFO:Risultati:SCALER: StandardScaler(copy=True, with_mean=True, with_std=True)
INFO:Risultati:RIDUZIONE DIMENSIONALITA None
INFO:Risultati:IPERPARAMETRI: {}
INFO:Risultati:TRAINING ERROR: 0.7403361344537815
INFO:Risultati:TEST ERROR: 0.7692307692307693
INFO:Risultati:FINE ADDESTRAMENTO alle 17.Feb 2020 17:18:32, tempo di calcolo totale in secondi: 0.007473468780517578
INFO:Risultati:INIZIO ADDESTRAMENTO alle 17.Feb 2020 17:18:32
INFO:Risultati:DATASET: Totali_with_DATA_and_BMI
INFO:Risultati:MODEL: GaussianNB
INFO:Risultati:SCALER: StandardScaler(copy=True, with_mean=True, with_std=True)
INFO:Risultati:RIDUZIONE DIMENSIONALITA None
INFO:Risultati:IPERPARAMETRI: {}
INFO:Risultati:TRAINING ERROR: 0.7207282913165267
INFO:Risultati:TEST ERROR: 0.8076923076923077
INFO:Risultati:FINE ADDESTRAMENTO alle 17.Feb 2020 17:18:32, tempo di calcolo totale in secondi: 0.007530927658081055
INFO:Risultati:INIZIO ADDESTRAMENTO alle 17.Feb 2020 17:18:32
INFO:Risultati:DATASET: Totali_with_DATA_and_BMI
INFO:Risultati:MODEL: GaussianNB
INFO:Risultati:SCALER: StandardScaler(copy=True, with_mean=True, with_std=True)
INFO:Risultati:RIDUZIONE DIMENSIONALITA None
INFO:Risultati:IPERPARAMETRI: {}
INFO:Risultati:TRAINING ERROR: 0.7985994397759103
INFO:Risultati:TEST ERROR: 0.6538461538461539
INFO:Risultati:FINE ADDESTRAMENTO alle 17.Feb 2020 17:18:32, tempo di calcolo totale in secondi: 0.007420063018798828
INFO:Risultati:INIZIO ADDESTRAMENTO alle 17.Feb 2020 17:18:32
INFO:Risultati:DATASET: Totali_with_DATA_and_BMI
INFO:Risultati:MODEL: LinearDiscriminantAnalysis
INFO:Risultati:SCALER: StandardScaler(copy=True, with_mean=True, with_std=True)
INFO:Risultati:RIDUZIONE DIMENSIONALITA None
INFO:Risultati:IPERPARAMETRI: {}
INFO:Risultati:TRAINING ERROR: 0.6529411764705882
INFO:Risultati:TEST ERROR: 0.9615384615384616
INFO:Risultati:FINE ADDESTRAMENTO alle 17.Feb 2020 17:18:32, tempo di calcolo totale in secondi: 0.009565114974975586
INFO:Risultati:INIZIO ADDESTRAMENTO alle 17.Feb 2020 17:18:32
INFO:Risultati:DATASET: Totali_with_DATA_and_BMI
INFO:Risultati:MODEL: LinearDiscriminantAnalysis
INFO:Risultati:SCALER: StandardScaler(copy=True, with_mean=True, with_std=True)
INFO:Risultati:RIDUZIONE DIMENSIONALITA None
INFO:Risultati:IPERPARAMETRI: {}
INFO:Risultati:TRAINING ERROR: 0.7495798319327731
INFO:Risultati:TEST ERROR: 0.6923076923076923
INFO:Risultati:FINE ADDESTRAMENTO alle 17.Feb 2020 17:18:32, tempo di calcolo totale in secondi: 0.01030874252319336
INFO:Risultati:INIZIO ADDESTRAMENTO alle 17.Feb 2020 17:18:32
INFO:Risultati:DATASET: Totali_with_DATA_and_BMI
INFO:Risultati:MODEL: LinearDiscriminantAnalysis
INFO:Risultati:SCALER: StandardScaler(copy=True, with_mean=True, with_std=True)
INFO:Risultati:RIDUZIONE DIMENSIONALITA None
INFO:Risultati:IPERPARAMETRI: {}
INFO:Risultati:TRAINING ERROR: 0.7025210084033614
INFO:Risultati:TEST ERROR: 0.7307692307692307
INFO:Risultati:FINE ADDESTRAMENTO alle 17.Feb 2020 17:18:32, tempo di calcolo totale in secondi: 0.010595083236694336
INFO:Risultati:INIZIO ADDESTRAMENTO alle 17.Feb 2020 17:18:32
INFO:Risultati:DATASET: Totali_with_DATA_and_BMI
INFO:Risultati:MODEL: LinearDiscriminantAnalysis
INFO:Risultati:SCALER: StandardScaler(copy=True, with_mean=True, with_std=True)
INFO:Risultati:RIDUZIONE DIMENSIONALITA None
INFO:Risultati:IPERPARAMETRI: {}
INFO:Risultati:TRAINING ERROR: 0.7014005602240897
INFO:Risultati:TEST ERROR: 0.5384615384615384
INFO:Risultati:FINE ADDESTRAMENTO alle 17.Feb 2020 17:18:32, tempo di calcolo totale in secondi: 0.010537385940551758
INFO:Risultati:INIZIO ADDESTRAMENTO alle 17.Feb 2020 17:18:32
INFO:Risultati:DATASET: Totali_with_DATA_and_BMI
INFO:Risultati:MODEL: LinearDiscriminantAnalysis
INFO:Risultati:SCALER: StandardScaler(copy=True, with_mean=True, with_std=True)
INFO:Risultati:RIDUZIONE DIMENSIONALITA None
INFO:Risultati:IPERPARAMETRI: {}
INFO:Risultati:TRAINING ERROR: 0.7691876750700279
INFO:Risultati:TEST ERROR: 0.5
INFO:Risultati:FINE ADDESTRAMENTO alle 17.Feb 2020 17:18:32, tempo di calcolo totale in secondi: 0.010668277740478516
INFO:Risultati:INIZIO ADDESTRAMENTO alle 17.Feb 2020 17:18:32
INFO:Risultati:DATASET: Totali_with_DATA_and_BMI
INFO:Risultati:MODEL: MLPClassifier
INFO:Risultati:SCALER: StandardScaler(copy=True, with_mean=True, with_std=True)
INFO:Risultati:RIDUZIONE DIMENSIONALITA None
INFO:Risultati:IPERPARAMETRI: {'activation': 'logistic', 'hidden_layer_sizes': [10], 'max_iter': 5000}
INFO:Risultati:TRAINING ERROR: 0.7406162464985995
INFO:Risultati:TEST ERROR: 0.6923076923076923
INFO:Risultati:FINE ADDESTRAMENTO alle 17.Feb 2020 17:18:48, tempo di calcolo totale in secondi: 16.2563374042511
INFO:Risultati:INIZIO ADDESTRAMENTO alle 17.Feb 2020 17:18:48
INFO:Risultati:DATASET: Totali_with_DATA_and_BMI
INFO:Risultati:MODEL: MLPClassifier
INFO:Risultati:SCALER: StandardScaler(copy=True, with_mean=True, with_std=True)
INFO:Risultati:RIDUZIONE DIMENSIONALITA None
INFO:Risultati:IPERPARAMETRI: {'activation': 'identity', 'hidden_layer_sizes': [20], 'max_iter': 5000}
INFO:Risultati:TRAINING ERROR: 0.7400560224089636
INFO:Risultati:TEST ERROR: 0.7692307692307693
INFO:Risultati:FINE ADDESTRAMENTO alle 17.Feb 2020 17:19:03, tempo di calcolo totale in secondi: 14.352641344070435
INFO:Risultati:INIZIO ADDESTRAMENTO alle 17.Feb 2020 17:19:03
INFO:Risultati:DATASET: Totali_with_DATA_and_BMI
INFO:Risultati:MODEL: MLPClassifier
INFO:Risultati:SCALER: StandardScaler(copy=True, with_mean=True, with_std=True)
INFO:Risultati:RIDUZIONE DIMENSIONALITA None
INFO:Risultati:IPERPARAMETRI: {'activation': 'tanh', 'hidden_layer_sizes': [10, 10], 'max_iter': 5000}
INFO:Risultati:TRAINING ERROR: 0.7596638655462185
INFO:Risultati:TEST ERROR: 0.6923076923076923
INFO:Risultati:FINE ADDESTRAMENTO alle 17.Feb 2020 17:19:19, tempo di calcolo totale in secondi: 16.079211950302124
INFO:Risultati:INIZIO ADDESTRAMENTO alle 17.Feb 2020 17:19:19
INFO:Risultati:DATASET: Totali_with_DATA_and_BMI
INFO:Risultati:MODEL: MLPClassifier
INFO:Risultati:SCALER: StandardScaler(copy=True, with_mean=True, with_std=True)
INFO:Risultati:RIDUZIONE DIMENSIONALITA None
INFO:Risultati:IPERPARAMETRI: {'activation': 'relu', 'hidden_layer_sizes': [20], 'max_iter': 5000}
INFO:Risultati:TRAINING ERROR: 0.7406162464985995
INFO:Risultati:TEST ERROR: 0.6153846153846154
INFO:Risultati:FINE ADDESTRAMENTO alle 17.Feb 2020 17:19:35, tempo di calcolo totale in secondi: 16.518773078918457
INFO:Risultati:INIZIO ADDESTRAMENTO alle 17.Feb 2020 17:19:35
INFO:Risultati:DATASET: Totali_with_DATA_and_BMI
INFO:Risultati:MODEL: MLPClassifier
INFO:Risultati:SCALER: StandardScaler(copy=True, with_mean=True, with_std=True)
INFO:Risultati:RIDUZIONE DIMENSIONALITA None
INFO:Risultati:IPERPARAMETRI: {'activation': 'logistic', 'hidden_layer_sizes': [4], 'max_iter': 5000}
INFO:Risultati:TRAINING ERROR: 0.73109243697479
INFO:Risultati:TEST ERROR: 0.7692307692307693
INFO:Risultati:FINE ADDESTRAMENTO alle 17.Feb 2020 17:19:51, tempo di calcolo totale in secondi: 15.49147915840149
INFO:Risultati:INIZIO ADDESTRAMENTO alle 17.Feb 2020 17:34:12
INFO:Risultati:DATASET: Details
INFO:Risultati:MODEL: SVC
INFO:Risultati:SCALER: StandardScaler(copy=True, with_mean=True, with_std=True)
INFO:Risultati:RIDUZIONE DIMENSIONALITA None
INFO:Risultati:IPERPARAMETRI: {'C': 0.774263682681127, 'gamma': 'auto', 'kernel': 'rbf'}
INFO:Risultati:TRAINING ERROR: 0.7210084033613446
INFO:Risultati:TEST ERROR: 0.6538461538461539
INFO:Risultati:FINE ADDESTRAMENTO alle 17.Feb 2020 17:34:15, tempo di calcolo totale in secondi: 2.5836586952209473
INFO:Risultati:INIZIO ADDESTRAMENTO alle 17.Feb 2020 17:34:15
INFO:Risultati:DATASET: Details
INFO:Risultati:MODEL: SVC
INFO:Risultati:SCALER: StandardScaler(copy=True, with_mean=True, with_std=True)
INFO:Risultati:RIDUZIONE DIMENSIONALITA None
INFO:Risultati:IPERPARAMETRI: {'C': 4.641588833612782, 'gamma': 0.1291549665014884, 'kernel': 'rbf'}
INFO:Risultati:TRAINING ERROR: 0.7504201680672269
INFO:Risultati:TEST ERROR: 0.5769230769230769
INFO:Risultati:FINE ADDESTRAMENTO alle 17.Feb 2020 17:34:15, tempo di calcolo totale in secondi: 0.7175109386444092
INFO:Risultati:INIZIO ADDESTRAMENTO alle 17.Feb 2020 17:34:15
INFO:Risultati:DATASET: Details
INFO:Risultati:MODEL: SVC
INFO:Risultati:SCALER: StandardScaler(copy=True, with_mean=True, with_std=True)
INFO:Risultati:RIDUZIONE DIMENSIONALITA None
INFO:Risultati:IPERPARAMETRI: {'C': 166.81005372000593, 'gamma': 'auto', 'kernel': 'rbf'}
INFO:Risultati:TRAINING ERROR: 0.7218487394957983
INFO:Risultati:TEST ERROR: 0.6538461538461539
INFO:Risultati:FINE ADDESTRAMENTO alle 17.Feb 2020 17:34:20, tempo di calcolo totale in secondi: 4.237282037734985
INFO:Risultati:INIZIO ADDESTRAMENTO alle 17.Feb 2020 17:34:20
INFO:Risultati:DATASET: Details
INFO:Risultati:MODEL: SVC
INFO:Risultati:SCALER: StandardScaler(copy=True, with_mean=True, with_std=True)
INFO:Risultati:RIDUZIONE DIMENSIONALITA None
INFO:Risultati:IPERPARAMETRI: {'C': 166.81005372000593, 'gamma': 0.021544346900318846, 'kernel': 'rbf'}
INFO:Risultati:TRAINING ERROR: 0.738655462184874
INFO:Risultati:TEST ERROR: 0.5769230769230769
INFO:Risultati:FINE ADDESTRAMENTO alle 17.Feb 2020 17:34:20, tempo di calcolo totale in secondi: 0.46520113945007324
INFO:Risultati:INIZIO ADDESTRAMENTO alle 17.Feb 2020 17:34:20
INFO:Risultati:DATASET: Details
INFO:Risultati:MODEL: SVC
INFO:Risultati:SCALER: StandardScaler(copy=True, with_mean=True, with_std=True)
INFO:Risultati:RIDUZIONE DIMENSIONALITA None
INFO:Risultati:IPERPARAMETRI: {'C': 4.641588833612782, 'gamma': 0.1291549665014884, 'kernel': 'rbf'}
INFO:Risultati:TRAINING ERROR: 0.7016806722689076
INFO:Risultati:TEST ERROR: 0.8076923076923077
INFO:Risultati:FINE ADDESTRAMENTO alle 17.Feb 2020 17:34:21, tempo di calcolo totale in secondi: 0.9331250190734863
INFO:Risultati:INIZIO ADDESTRAMENTO alle 17.Feb 2020 17:34:21
INFO:Risultati:DATASET: Details
INFO:Risultati:MODEL: DecisionTreeClassifier
INFO:Risultati:SCALER: StandardScaler(copy=True, with_mean=True, with_std=True)
INFO:Risultati:RIDUZIONE DIMENSIONALITA None
INFO:Risultati:IPERPARAMETRI: {'criterion': 'gini', 'max_depth': 10, 'max_features': 'sqrt', 'max_leaf_nodes': 100}
INFO:Risultati:TRAINING ERROR: 0.6831932773109243
INFO:Risultati:TEST ERROR: 0.6538461538461539
INFO:Risultati:FINE ADDESTRAMENTO alle 17.Feb 2020 17:34:21, tempo di calcolo totale in secondi: 0.18984222412109375
INFO:Risultati:INIZIO ADDESTRAMENTO alle 17.Feb 2020 17:34:21
INFO:Risultati:DATASET: Details
INFO:Risultati:MODEL: DecisionTreeClassifier
INFO:Risultati:SCALER: StandardScaler(copy=True, with_mean=True, with_std=True)
INFO:Risultati:RIDUZIONE DIMENSIONALITA None
INFO:Risultati:IPERPARAMETRI: {'criterion': 'gini', 'max_depth': 2, 'max_features': 'sqrt', 'max_leaf_nodes': 50}
INFO:Risultati:TRAINING ERROR: 0.7201680672268909
INFO:Risultati:TEST ERROR: 0.5384615384615384
INFO:Risultati:FINE ADDESTRAMENTO alle 17.Feb 2020 17:34:21, tempo di calcolo totale in secondi: 0.18228960037231445
INFO:Risultati:INIZIO ADDESTRAMENTO alle 17.Feb 2020 17:34:21
INFO:Risultati:DATASET: Details
INFO:Risultati:MODEL: DecisionTreeClassifier
INFO:Risultati:SCALER: StandardScaler(copy=True, with_mean=True, with_std=True)
INFO:Risultati:RIDUZIONE DIMENSIONALITA None
INFO:Risultati:IPERPARAMETRI: {'criterion': 'gini', 'max_depth': 10, 'max_features': 'sqrt', 'max_leaf_nodes': 10}
INFO:Risultati:TRAINING ERROR: 0.7210084033613446
INFO:Risultati:TEST ERROR: 0.38461538461538464
INFO:Risultati:FINE ADDESTRAMENTO alle 17.Feb 2020 17:34:22, tempo di calcolo totale in secondi: 0.17908287048339844
INFO:Risultati:INIZIO ADDESTRAMENTO alle 17.Feb 2020 17:34:22
INFO:Risultati:DATASET: Details
INFO:Risultati:MODEL: DecisionTreeClassifier
INFO:Risultati:SCALER: StandardScaler(copy=True, with_mean=True, with_std=True)
INFO:Risultati:RIDUZIONE DIMENSIONALITA None
INFO:Risultati:IPERPARAMETRI: {'criterion': 'entropy', 'max_depth': 10, 'max_features': 'sqrt', 'max_leaf_nodes': 10}
INFO:Risultati:TRAINING ERROR: 0.7109243697478992
INFO:Risultati:TEST ERROR: 0.46153846153846156
INFO:Risultati:FINE ADDESTRAMENTO alle 17.Feb 2020 17:34:22, tempo di calcolo totale in secondi: 0.18722224235534668
INFO:Risultati:INIZIO ADDESTRAMENTO alle 17.Feb 2020 17:34:22
INFO:Risultati:DATASET: Details
INFO:Risultati:MODEL: DecisionTreeClassifier
INFO:Risultati:SCALER: StandardScaler(copy=True, with_mean=True, with_std=True)
INFO:Risultati:RIDUZIONE DIMENSIONALITA None
INFO:Risultati:IPERPARAMETRI: {'criterion': 'gini', 'max_depth': 10, 'max_features': 'sqrt', 'max_leaf_nodes': 10}
INFO:Risultati:TRAINING ERROR: 0.7507002801120448
INFO:Risultati:TEST ERROR: 0.5384615384615384
INFO:Risultati:FINE ADDESTRAMENTO alle 17.Feb 2020 17:34:22, tempo di calcolo totale in secondi: 0.1740720272064209
INFO:Risultati:INIZIO ADDESTRAMENTO alle 17.Feb 2020 17:34:22
INFO:Risultati:DATASET: Details
INFO:Risultati:MODEL: RandomForestClassifier
INFO:Risultati:SCALER: StandardScaler(copy=True, with_mean=True, with_std=True)
INFO:Risultati:RIDUZIONE DIMENSIONALITA None
INFO:Risultati:IPERPARAMETRI: {'criterion': 'gini', 'max_depth': 10, 'max_features': 'log2', 'max_leaf_nodes': 50, 'n_estimators': 200}
INFO:Risultati:TRAINING ERROR: 0.7495798319327731
INFO:Risultati:TEST ERROR: 0.6923076923076923
INFO:Risultati:FINE ADDESTRAMENTO alle 17.Feb 2020 17:35:46, tempo di calcolo totale in secondi: 84.4257230758667
INFO:Risultati:INIZIO ADDESTRAMENTO alle 17.Feb 2020 17:35:46
INFO:Risultati:DATASET: Details
INFO:Risultati:MODEL: RandomForestClassifier
INFO:Risultati:SCALER: StandardScaler(copy=True, with_mean=True, with_std=True)
INFO:Risultati:RIDUZIONE DIMENSIONALITA None
INFO:Risultati:IPERPARAMETRI: {'criterion': 'entropy', 'max_depth': 5, 'max_features': None, 'max_leaf_nodes': None, 'n_estimators': 100}
INFO:Risultati:TRAINING ERROR: 0.7504201680672269
INFO:Risultati:TEST ERROR: 0.6923076923076923
INFO:Risultati:FINE ADDESTRAMENTO alle 17.Feb 2020 17:37:11, tempo di calcolo totale in secondi: 84.22686386108398
INFO:Risultati:INIZIO ADDESTRAMENTO alle 17.Feb 2020 17:37:11
INFO:Risultati:DATASET: Details
INFO:Risultati:MODEL: RandomForestClassifier
INFO:Risultati:SCALER: StandardScaler(copy=True, with_mean=True, with_std=True)
INFO:Risultati:RIDUZIONE DIMENSIONALITA None
INFO:Risultati:IPERPARAMETRI: {'criterion': 'gini', 'max_depth': 10, 'max_features': None, 'max_leaf_nodes': 5, 'n_estimators': 200}
INFO:Risultati:TRAINING ERROR: 0.7504201680672269
INFO:Risultati:TEST ERROR: 0.7307692307692307
INFO:Risultati:FINE ADDESTRAMENTO alle 17.Feb 2020 17:38:35, tempo di calcolo totale in secondi: 84.34454464912415
INFO:Risultati:INIZIO ADDESTRAMENTO alle 17.Feb 2020 17:38:35
INFO:Risultati:DATASET: Details
INFO:Risultati:MODEL: RandomForestClassifier
INFO:Risultati:SCALER: StandardScaler(copy=True, with_mean=True, with_std=True)
INFO:Risultati:RIDUZIONE DIMENSIONALITA None
INFO:Risultati:IPERPARAMETRI: {'criterion': 'gini', 'max_depth': 10, 'max_features': 'log2', 'max_leaf_nodes': 5, 'n_estimators': 10}
INFO:Risultati:TRAINING ERROR: 0.7403361344537815
INFO:Risultati:TEST ERROR: 0.6538461538461539
INFO:Risultati:FINE ADDESTRAMENTO alle 17.Feb 2020 17:39:59, tempo di calcolo totale in secondi: 84.1890709400177
INFO:Risultati:INIZIO ADDESTRAMENTO alle 17.Feb 2020 17:39:59
INFO:Risultati:DATASET: Details
INFO:Risultati:MODEL: RandomForestClassifier
INFO:Risultati:SCALER: StandardScaler(copy=True, with_mean=True, with_std=True)
INFO:Risultati:RIDUZIONE DIMENSIONALITA None
INFO:Risultati:IPERPARAMETRI: {'criterion': 'entropy', 'max_depth': 5, 'max_features': None, 'max_leaf_nodes': None, 'n_estimators': 10}
INFO:Risultati:TRAINING ERROR: 0.7507002801120448
INFO:Risultati:TEST ERROR: 0.5384615384615384
INFO:Risultati:FINE ADDESTRAMENTO alle 17.Feb 2020 17:41:24, tempo di calcolo totale in secondi: 84.34131026268005
INFO:Risultati:INIZIO ADDESTRAMENTO alle 17.Feb 2020 17:41:24
INFO:Risultati:DATASET: Details
INFO:Risultati:MODEL: GaussianNB
INFO:Risultati:SCALER: StandardScaler(copy=True, with_mean=True, with_std=True)
INFO:Risultati:RIDUZIONE DIMENSIONALITA None
INFO:Risultati:IPERPARAMETRI: {}
INFO:Risultati:TRAINING ERROR: 0.6347338935574229
INFO:Risultati:TEST ERROR: 0.6153846153846154
INFO:Risultati:FINE ADDESTRAMENTO alle 17.Feb 2020 17:41:24, tempo di calcolo totale in secondi: 0.009859800338745117
INFO:Risultati:INIZIO ADDESTRAMENTO alle 17.Feb 2020 17:41:24
INFO:Risultati:DATASET: Details
INFO:Risultati:MODEL: GaussianNB
INFO:Risultati:SCALER: StandardScaler(copy=True, with_mean=True, with_std=True)
INFO:Risultati:RIDUZIONE DIMENSIONALITA None
INFO:Risultati:IPERPARAMETRI: {}
INFO:Risultati:TRAINING ERROR: 0.6338935574229693
INFO:Risultati:TEST ERROR: 0.7307692307692307
INFO:Risultati:FINE ADDESTRAMENTO alle 17.Feb 2020 17:41:24, tempo di calcolo totale in secondi: 0.009486675262451172
INFO:Risultati:INIZIO ADDESTRAMENTO alle 17.Feb 2020 17:41:24
INFO:Risultati:DATASET: Details
INFO:Risultati:MODEL: GaussianNB
INFO:Risultati:SCALER: StandardScaler(copy=True, with_mean=True, with_std=True)
INFO:Risultati:RIDUZIONE DIMENSIONALITA None
INFO:Risultati:IPERPARAMETRI: {}
INFO:Risultati:TRAINING ERROR: 0.65406162464986
INFO:Risultati:TEST ERROR: 0.6153846153846154
INFO:Risultati:FINE ADDESTRAMENTO alle 17.Feb 2020 17:41:24, tempo di calcolo totale in secondi: 0.008054494857788086
INFO:Risultati:INIZIO ADDESTRAMENTO alle 17.Feb 2020 17:41:24
INFO:Risultati:DATASET: Details
INFO:Risultati:MODEL: GaussianNB
INFO:Risultati:SCALER: StandardScaler(copy=True, with_mean=True, with_std=True)
INFO:Risultati:RIDUZIONE DIMENSIONALITA None
INFO:Risultati:IPERPARAMETRI: {}
INFO:Risultati:TRAINING ERROR: 0.5492997198879551
INFO:Risultati:TEST ERROR: 0.6538461538461539
INFO:Risultati:FINE ADDESTRAMENTO alle 17.Feb 2020 17:41:24, tempo di calcolo totale in secondi: 0.008120059967041016
INFO:Risultati:INIZIO ADDESTRAMENTO alle 17.Feb 2020 17:41:24
INFO:Risultati:DATASET: Details
INFO:Risultati:MODEL: GaussianNB
INFO:Risultati:SCALER: StandardScaler(copy=True, with_mean=True, with_std=True)
INFO:Risultati:RIDUZIONE DIMENSIONALITA None
INFO:Risultati:IPERPARAMETRI: {}
INFO:Risultati:TRAINING ERROR: 0.634453781512605
INFO:Risultati:TEST ERROR: 0.6153846153846154
INFO:Risultati:FINE ADDESTRAMENTO alle 17.Feb 2020 17:41:24, tempo di calcolo totale in secondi: 0.0076181888580322266
INFO:Risultati:INIZIO ADDESTRAMENTO alle 17.Feb 2020 17:41:24
INFO:Risultati:DATASET: Details
INFO:Risultati:MODEL: LinearDiscriminantAnalysis
INFO:Risultati:SCALER: StandardScaler(copy=True, with_mean=True, with_std=True)
INFO:Risultati:RIDUZIONE DIMENSIONALITA None
INFO:Risultati:IPERPARAMETRI: {}
INFO:Risultati:TRAINING ERROR: 0.6529411764705882
INFO:Risultati:TEST ERROR: 0.5
INFO:Risultati:FINE ADDESTRAMENTO alle 17.Feb 2020 17:41:24, tempo di calcolo totale in secondi: 0.038442134857177734
INFO:Risultati:INIZIO ADDESTRAMENTO alle 17.Feb 2020 17:41:24
INFO:Risultati:DATASET: Details
INFO:Risultati:MODEL: LinearDiscriminantAnalysis
INFO:Risultati:SCALER: StandardScaler(copy=True, with_mean=True, with_std=True)
INFO:Risultati:RIDUZIONE DIMENSIONALITA None
INFO:Risultati:IPERPARAMETRI: {}
INFO:Risultati:TRAINING ERROR: 0.5675070028011205
INFO:Risultati:TEST ERROR: 0.7692307692307693
INFO:Risultati:FINE ADDESTRAMENTO alle 17.Feb 2020 17:41:24, tempo di calcolo totale in secondi: 0.019220590591430664
INFO:Risultati:INIZIO ADDESTRAMENTO alle 17.Feb 2020 17:41:24
INFO:Risultati:DATASET: Details
INFO:Risultati:MODEL: LinearDiscriminantAnalysis
INFO:Risultati:SCALER: StandardScaler(copy=True, with_mean=True, with_std=True)
INFO:Risultati:RIDUZIONE DIMENSIONALITA None
INFO:Risultati:IPERPARAMETRI: {}
INFO:Risultati:TRAINING ERROR: 0.5857142857142857
INFO:Risultati:TEST ERROR: 0.6538461538461539
INFO:Risultati:FINE ADDESTRAMENTO alle 17.Feb 2020 17:41:24, tempo di calcolo totale in secondi: 0.015393257141113281
INFO:Risultati:INIZIO ADDESTRAMENTO alle 17.Feb 2020 17:41:24
INFO:Risultati:DATASET: Details
INFO:Risultati:MODEL: LinearDiscriminantAnalysis
INFO:Risultati:SCALER: StandardScaler(copy=True, with_mean=True, with_std=True)
INFO:Risultati:RIDUZIONE DIMENSIONALITA None
INFO:Risultati:IPERPARAMETRI: {}
INFO:Risultati:TRAINING ERROR: 0.6151260504201681
INFO:Risultati:TEST ERROR: 0.6153846153846154
INFO:Risultati:FINE ADDESTRAMENTO alle 17.Feb 2020 17:41:24, tempo di calcolo totale in secondi: 0.015436172485351562
INFO:Risultati:INIZIO ADDESTRAMENTO alle 17.Feb 2020 17:41:24
INFO:Risultati:DATASET: Details
INFO:Risultati:MODEL: LinearDiscriminantAnalysis
INFO:Risultati:SCALER: StandardScaler(copy=True, with_mean=True, with_std=True)
INFO:Risultati:RIDUZIONE DIMENSIONALITA None
INFO:Risultati:IPERPARAMETRI: {}
INFO:Risultati:TRAINING ERROR: 0.5100840336134453
INFO:Risultati:TEST ERROR: 0.5769230769230769
INFO:Risultati:FINE ADDESTRAMENTO alle 17.Feb 2020 17:41:24, tempo di calcolo totale in secondi: 0.016816139221191406
INFO:Risultati:INIZIO ADDESTRAMENTO alle 17.Feb 2020 17:41:24
INFO:Risultati:DATASET: Details
INFO:Risultati:MODEL: MLPClassifier
INFO:Risultati:SCALER: StandardScaler(copy=True, with_mean=True, with_std=True)
INFO:Risultati:RIDUZIONE DIMENSIONALITA None
INFO:Risultati:IPERPARAMETRI: {'activation': 'relu', 'hidden_layer_sizes': [20], 'max_iter': 5000}
INFO:Risultati:TRAINING ERROR: 0.6921568627450979
INFO:Risultati:TEST ERROR: 0.5384615384615384
INFO:Risultati:FINE ADDESTRAMENTO alle 17.Feb 2020 17:41:40, tempo di calcolo totale in secondi: 15.904194355010986
INFO:Risultati:INIZIO ADDESTRAMENTO alle 17.Feb 2020 17:41:40
INFO:Risultati:DATASET: Details
INFO:Risultati:MODEL: MLPClassifier
INFO:Risultati:SCALER: StandardScaler(copy=True, with_mean=True, with_std=True)
INFO:Risultati:RIDUZIONE DIMENSIONALITA None
INFO:Risultati:IPERPARAMETRI: {'activation': 'relu', 'hidden_layer_sizes': [20], 'max_iter': 5000}
INFO:Risultati:TRAINING ERROR: 0.7313725490196078
INFO:Risultati:TEST ERROR: 0.6153846153846154
INFO:Risultati:FINE ADDESTRAMENTO alle 17.Feb 2020 17:41:55, tempo di calcolo totale in secondi: 15.556209325790405
INFO:Risultati:INIZIO ADDESTRAMENTO alle 17.Feb 2020 17:41:55
INFO:Risultati:DATASET: Details
INFO:Risultati:MODEL: MLPClassifier
INFO:Risultati:SCALER: StandardScaler(copy=True, with_mean=True, with_std=True)
INFO:Risultati:RIDUZIONE DIMENSIONALITA None
INFO:Risultati:IPERPARAMETRI: {'activation': 'logistic', 'hidden_layer_sizes': [2], 'max_iter': 5000}
INFO:Risultati:TRAINING ERROR: 0.6733893557422969
INFO:Risultati:TEST ERROR: 0.6923076923076923
INFO:Risultati:FINE ADDESTRAMENTO alle 17.Feb 2020 17:42:10, tempo di calcolo totale in secondi: 15.058245658874512
INFO:Risultati:INIZIO ADDESTRAMENTO alle 17.Feb 2020 17:42:10
INFO:Risultati:DATASET: Details
INFO:Risultati:MODEL: MLPClassifier
INFO:Risultati:SCALER: StandardScaler(copy=True, with_mean=True, with_std=True)
INFO:Risultati:RIDUZIONE DIMENSIONALITA None
INFO:Risultati:IPERPARAMETRI: {'activation': 'identity', 'hidden_layer_sizes': [10], 'max_iter': 5000}
INFO:Risultati:TRAINING ERROR: 0.6445378151260505
INFO:Risultati:TEST ERROR: 0.6923076923076923
INFO:Risultati:FINE ADDESTRAMENTO alle 17.Feb 2020 17:42:25, tempo di calcolo totale in secondi: 14.727714538574219
INFO:Risultati:INIZIO ADDESTRAMENTO alle 17.Feb 2020 17:42:25
INFO:Risultati:DATASET: Details
INFO:Risultati:MODEL: MLPClassifier
INFO:Risultati:SCALER: StandardScaler(copy=True, with_mean=True, with_std=True)
INFO:Risultati:RIDUZIONE DIMENSIONALITA None
INFO:Risultati:IPERPARAMETRI: {'activation': 'tanh', 'hidden_layer_sizes': [4], 'max_iter': 5000}
INFO:Risultati:TRAINING ERROR: 0.6733893557422969
INFO:Risultati:TEST ERROR: 0.7692307692307693
INFO:Risultati:FINE ADDESTRAMENTO alle 17.Feb 2020 17:42:41, tempo di calcolo totale in secondi: 15.666282892227173
